This is pdfTeX, Version 3.14159265-2.6-1.40.17 (TeX Live 2016) (preloaded format=pdflatex 2017.4.24)  13 NOV 2023 11:56
entering extended mode
 restricted \write18 enabled.
 %&-line parsing enabled.
**prpyprobabilisticrobotlocalizationpythonlibrary.tex
(./prpyprobabilisticrobotlocalizationpythonlibrary.tex
LaTeX2e <2016/03/31>
Babel <3.9r> and hyphenation patterns for 83 language(s) loaded.
(./sphinxmanual.cls
Document Class: sphinxmanual 2019/12/01 v2.3.0 Document class (Sphinx manual)
(/usr/local/texlive/2016/texmf-dist/tex/latex/base/report.cls
Document Class: report 2014/09/29 v1.4h Standard LaTeX document class
(/usr/local/texlive/2016/texmf-dist/tex/latex/base/size10.clo
File: size10.clo 2014/09/29 v1.4h Standard LaTeX file (size option)
)
\c@part=\count79
\c@chapter=\count80
\c@section=\count81
\c@subsection=\count82
\c@subsubsection=\count83
\c@paragraph=\count84
\c@subparagraph=\count85
\c@figure=\count86
\c@table=\count87
\abovecaptionskip=\skip41
\belowcaptionskip=\skip42
\bibindent=\dimen102
)
LaTeX Info: Redefining \and on input line 35.
)
(/usr/local/texlive/2016/texmf-dist/tex/latex/base/inputenc.sty
Package: inputenc 2015/03/17 v1.2c Input encoding file
\inpenc@prehook=\toks14
\inpenc@posthook=\toks15

(/usr/local/texlive/2016/texmf-dist/tex/latex/base/utf8.def
File: utf8.def 2016/02/28 v1.1s UTF-8 support for inputenc
Now handling font encoding OML ...
... no UTF-8 mapping file for font encoding OML
Now handling font encoding T1 ...
... processing UTF-8 mapping file for font encoding T1

(/usr/local/texlive/2016/texmf-dist/tex/latex/base/t1enc.dfu
File: t1enc.dfu 2016/02/28 v1.1s UTF-8 support for inputenc
   defining Unicode char U+00A0 (decimal 160)
   defining Unicode char U+00A1 (decimal 161)
   defining Unicode char U+00A3 (decimal 163)
   defining Unicode char U+00AB (decimal 171)
   defining Unicode char U+00AD (decimal 173)
   defining Unicode char U+00BB (decimal 187)
   defining Unicode char U+00BF (decimal 191)
   defining Unicode char U+00C0 (decimal 192)
   defining Unicode char U+00C1 (decimal 193)
   defining Unicode char U+00C2 (decimal 194)
   defining Unicode char U+00C3 (decimal 195)
   defining Unicode char U+00C4 (decimal 196)
   defining Unicode char U+00C5 (decimal 197)
   defining Unicode char U+00C6 (decimal 198)
   defining Unicode char U+00C7 (decimal 199)
   defining Unicode char U+00C8 (decimal 200)
   defining Unicode char U+00C9 (decimal 201)
   defining Unicode char U+00CA (decimal 202)
   defining Unicode char U+00CB (decimal 203)
   defining Unicode char U+00CC (decimal 204)
   defining Unicode char U+00CD (decimal 205)
   defining Unicode char U+00CE (decimal 206)
   defining Unicode char U+00CF (decimal 207)
   defining Unicode char U+00D0 (decimal 208)
   defining Unicode char U+00D1 (decimal 209)
   defining Unicode char U+00D2 (decimal 210)
   defining Unicode char U+00D3 (decimal 211)
   defining Unicode char U+00D4 (decimal 212)
   defining Unicode char U+00D5 (decimal 213)
   defining Unicode char U+00D6 (decimal 214)
   defining Unicode char U+00D8 (decimal 216)
   defining Unicode char U+00D9 (decimal 217)
   defining Unicode char U+00DA (decimal 218)
   defining Unicode char U+00DB (decimal 219)
   defining Unicode char U+00DC (decimal 220)
   defining Unicode char U+00DD (decimal 221)
   defining Unicode char U+00DE (decimal 222)
   defining Unicode char U+00DF (decimal 223)
   defining Unicode char U+00E0 (decimal 224)
   defining Unicode char U+00E1 (decimal 225)
   defining Unicode char U+00E2 (decimal 226)
   defining Unicode char U+00E3 (decimal 227)
   defining Unicode char U+00E4 (decimal 228)
   defining Unicode char U+00E5 (decimal 229)
   defining Unicode char U+00E6 (decimal 230)
   defining Unicode char U+00E7 (decimal 231)
   defining Unicode char U+00E8 (decimal 232)
   defining Unicode char U+00E9 (decimal 233)
   defining Unicode char U+00EA (decimal 234)
   defining Unicode char U+00EB (decimal 235)
   defining Unicode char U+00EC (decimal 236)
   defining Unicode char U+00ED (decimal 237)
   defining Unicode char U+00EE (decimal 238)
   defining Unicode char U+00EF (decimal 239)
   defining Unicode char U+00F0 (decimal 240)
   defining Unicode char U+00F1 (decimal 241)
   defining Unicode char U+00F2 (decimal 242)
   defining Unicode char U+00F3 (decimal 243)
   defining Unicode char U+00F4 (decimal 244)
   defining Unicode char U+00F5 (decimal 245)
   defining Unicode char U+00F6 (decimal 246)
   defining Unicode char U+00F8 (decimal 248)
   defining Unicode char U+00F9 (decimal 249)
   defining Unicode char U+00FA (decimal 250)
   defining Unicode char U+00FB (decimal 251)
   defining Unicode char U+00FC (decimal 252)
   defining Unicode char U+00FD (decimal 253)
   defining Unicode char U+00FE (decimal 254)
   defining Unicode char U+00FF (decimal 255)
   defining Unicode char U+0100 (decimal 256)
   defining Unicode char U+0101 (decimal 257)
   defining Unicode char U+0102 (decimal 258)
   defining Unicode char U+0103 (decimal 259)
   defining Unicode char U+0104 (decimal 260)
   defining Unicode char U+0105 (decimal 261)
   defining Unicode char U+0106 (decimal 262)
   defining Unicode char U+0107 (decimal 263)
   defining Unicode char U+0108 (decimal 264)
   defining Unicode char U+0109 (decimal 265)
   defining Unicode char U+010A (decimal 266)
   defining Unicode char U+010B (decimal 267)
   defining Unicode char U+010C (decimal 268)
   defining Unicode char U+010D (decimal 269)
   defining Unicode char U+010E (decimal 270)
   defining Unicode char U+010F (decimal 271)
   defining Unicode char U+0110 (decimal 272)
   defining Unicode char U+0111 (decimal 273)
   defining Unicode char U+0112 (decimal 274)
   defining Unicode char U+0113 (decimal 275)
   defining Unicode char U+0114 (decimal 276)
   defining Unicode char U+0115 (decimal 277)
   defining Unicode char U+0116 (decimal 278)
   defining Unicode char U+0117 (decimal 279)
   defining Unicode char U+0118 (decimal 280)
   defining Unicode char U+0119 (decimal 281)
   defining Unicode char U+011A (decimal 282)
   defining Unicode char U+011B (decimal 283)
   defining Unicode char U+011C (decimal 284)
   defining Unicode char U+011D (decimal 285)
   defining Unicode char U+011E (decimal 286)
   defining Unicode char U+011F (decimal 287)
   defining Unicode char U+0120 (decimal 288)
   defining Unicode char U+0121 (decimal 289)
   defining Unicode char U+0122 (decimal 290)
   defining Unicode char U+0123 (decimal 291)
   defining Unicode char U+0124 (decimal 292)
   defining Unicode char U+0125 (decimal 293)
   defining Unicode char U+0128 (decimal 296)
   defining Unicode char U+0129 (decimal 297)
   defining Unicode char U+012A (decimal 298)
   defining Unicode char U+012B (decimal 299)
   defining Unicode char U+012C (decimal 300)
   defining Unicode char U+012D (decimal 301)
   defining Unicode char U+012E (decimal 302)
   defining Unicode char U+012F (decimal 303)
   defining Unicode char U+0130 (decimal 304)
   defining Unicode char U+0131 (decimal 305)
   defining Unicode char U+0132 (decimal 306)
   defining Unicode char U+0133 (decimal 307)
   defining Unicode char U+0134 (decimal 308)
   defining Unicode char U+0135 (decimal 309)
   defining Unicode char U+0136 (decimal 310)
   defining Unicode char U+0137 (decimal 311)
   defining Unicode char U+0139 (decimal 313)
   defining Unicode char U+013A (decimal 314)
   defining Unicode char U+013B (decimal 315)
   defining Unicode char U+013C (decimal 316)
   defining Unicode char U+013D (decimal 317)
   defining Unicode char U+013E (decimal 318)
   defining Unicode char U+0141 (decimal 321)
   defining Unicode char U+0142 (decimal 322)
   defining Unicode char U+0143 (decimal 323)
   defining Unicode char U+0144 (decimal 324)
   defining Unicode char U+0145 (decimal 325)
   defining Unicode char U+0146 (decimal 326)
   defining Unicode char U+0147 (decimal 327)
   defining Unicode char U+0148 (decimal 328)
   defining Unicode char U+014A (decimal 330)
   defining Unicode char U+014B (decimal 331)
   defining Unicode char U+014C (decimal 332)
   defining Unicode char U+014D (decimal 333)
   defining Unicode char U+014E (decimal 334)
   defining Unicode char U+014F (decimal 335)
   defining Unicode char U+0150 (decimal 336)
   defining Unicode char U+0151 (decimal 337)
   defining Unicode char U+0152 (decimal 338)
   defining Unicode char U+0153 (decimal 339)
   defining Unicode char U+0154 (decimal 340)
   defining Unicode char U+0155 (decimal 341)
   defining Unicode char U+0156 (decimal 342)
   defining Unicode char U+0157 (decimal 343)
   defining Unicode char U+0158 (decimal 344)
   defining Unicode char U+0159 (decimal 345)
   defining Unicode char U+015A (decimal 346)
   defining Unicode char U+015B (decimal 347)
   defining Unicode char U+015C (decimal 348)
   defining Unicode char U+015D (decimal 349)
   defining Unicode char U+015E (decimal 350)
   defining Unicode char U+015F (decimal 351)
   defining Unicode char U+0160 (decimal 352)
   defining Unicode char U+0161 (decimal 353)
   defining Unicode char U+0162 (decimal 354)
   defining Unicode char U+0163 (decimal 355)
   defining Unicode char U+0164 (decimal 356)
   defining Unicode char U+0165 (decimal 357)
   defining Unicode char U+0168 (decimal 360)
   defining Unicode char U+0169 (decimal 361)
   defining Unicode char U+016A (decimal 362)
   defining Unicode char U+016B (decimal 363)
   defining Unicode char U+016C (decimal 364)
   defining Unicode char U+016D (decimal 365)
   defining Unicode char U+016E (decimal 366)
   defining Unicode char U+016F (decimal 367)
   defining Unicode char U+0170 (decimal 368)
   defining Unicode char U+0171 (decimal 369)
   defining Unicode char U+0172 (decimal 370)
   defining Unicode char U+0173 (decimal 371)
   defining Unicode char U+0174 (decimal 372)
   defining Unicode char U+0175 (decimal 373)
   defining Unicode char U+0176 (decimal 374)
   defining Unicode char U+0177 (decimal 375)
   defining Unicode char U+0178 (decimal 376)
   defining Unicode char U+0179 (decimal 377)
   defining Unicode char U+017A (decimal 378)
   defining Unicode char U+017B (decimal 379)
   defining Unicode char U+017C (decimal 380)
   defining Unicode char U+017D (decimal 381)
   defining Unicode char U+017E (decimal 382)
   defining Unicode char U+01CD (decimal 461)
   defining Unicode char U+01CE (decimal 462)
   defining Unicode char U+01CF (decimal 463)
   defining Unicode char U+01D0 (decimal 464)
   defining Unicode char U+01D1 (decimal 465)
   defining Unicode char U+01D2 (decimal 466)
   defining Unicode char U+01D3 (decimal 467)
   defining Unicode char U+01D4 (decimal 468)
   defining Unicode char U+01E2 (decimal 482)
   defining Unicode char U+01E3 (decimal 483)
   defining Unicode char U+01E6 (decimal 486)
   defining Unicode char U+01E7 (decimal 487)
   defining Unicode char U+01E8 (decimal 488)
   defining Unicode char U+01E9 (decimal 489)
   defining Unicode char U+01EA (decimal 490)
   defining Unicode char U+01EB (decimal 491)
   defining Unicode char U+01F0 (decimal 496)
   defining Unicode char U+01F4 (decimal 500)
   defining Unicode char U+01F5 (decimal 501)
   defining Unicode char U+0218 (decimal 536)
   defining Unicode char U+0219 (decimal 537)
   defining Unicode char U+021A (decimal 538)
   defining Unicode char U+021B (decimal 539)
   defining Unicode char U+1E02 (decimal 7682)
   defining Unicode char U+1E03 (decimal 7683)
   defining Unicode char U+200C (decimal 8204)
   defining Unicode char U+2010 (decimal 8208)
   defining Unicode char U+2011 (decimal 8209)
   defining Unicode char U+2012 (decimal 8210)
   defining Unicode char U+2013 (decimal 8211)
   defining Unicode char U+2014 (decimal 8212)
   defining Unicode char U+2015 (decimal 8213)
   defining Unicode char U+2018 (decimal 8216)
   defining Unicode char U+2019 (decimal 8217)
   defining Unicode char U+201A (decimal 8218)
   defining Unicode char U+201C (decimal 8220)
   defining Unicode char U+201D (decimal 8221)
   defining Unicode char U+201E (decimal 8222)
   defining Unicode char U+2030 (decimal 8240)
   defining Unicode char U+2031 (decimal 8241)
   defining Unicode char U+2039 (decimal 8249)
   defining Unicode char U+203A (decimal 8250)
   defining Unicode char U+2423 (decimal 9251)
)
Now handling font encoding OT1 ...
... processing UTF-8 mapping file for font encoding OT1

(/usr/local/texlive/2016/texmf-dist/tex/latex/base/ot1enc.dfu
File: ot1enc.dfu 2016/02/28 v1.1s UTF-8 support for inputenc
   defining Unicode char U+00A0 (decimal 160)
   defining Unicode char U+00A1 (decimal 161)
   defining Unicode char U+00A3 (decimal 163)
   defining Unicode char U+00AD (decimal 173)
   defining Unicode char U+00B8 (decimal 184)
   defining Unicode char U+00BF (decimal 191)
   defining Unicode char U+00C5 (decimal 197)
   defining Unicode char U+00C6 (decimal 198)
   defining Unicode char U+00D8 (decimal 216)
   defining Unicode char U+00DF (decimal 223)
   defining Unicode char U+00E6 (decimal 230)
   defining Unicode char U+00EC (decimal 236)
   defining Unicode char U+00ED (decimal 237)
   defining Unicode char U+00EE (decimal 238)
   defining Unicode char U+00EF (decimal 239)
   defining Unicode char U+00F8 (decimal 248)
   defining Unicode char U+0131 (decimal 305)
   defining Unicode char U+0141 (decimal 321)
   defining Unicode char U+0142 (decimal 322)
   defining Unicode char U+0152 (decimal 338)
   defining Unicode char U+0153 (decimal 339)
   defining Unicode char U+0174 (decimal 372)
   defining Unicode char U+0175 (decimal 373)
   defining Unicode char U+0176 (decimal 374)
   defining Unicode char U+0177 (decimal 375)
   defining Unicode char U+0218 (decimal 536)
   defining Unicode char U+0219 (decimal 537)
   defining Unicode char U+021A (decimal 538)
   defining Unicode char U+021B (decimal 539)
   defining Unicode char U+2013 (decimal 8211)
   defining Unicode char U+2014 (decimal 8212)
   defining Unicode char U+2018 (decimal 8216)
   defining Unicode char U+2019 (decimal 8217)
   defining Unicode char U+201C (decimal 8220)
   defining Unicode char U+201D (decimal 8221)
)
Now handling font encoding OMS ...
... processing UTF-8 mapping file for font encoding OMS

(/usr/local/texlive/2016/texmf-dist/tex/latex/base/omsenc.dfu
File: omsenc.dfu 2016/02/28 v1.1s UTF-8 support for inputenc
   defining Unicode char U+00A7 (decimal 167)
   defining Unicode char U+00B6 (decimal 182)
   defining Unicode char U+00B7 (decimal 183)
   defining Unicode char U+2020 (decimal 8224)
   defining Unicode char U+2021 (decimal 8225)
   defining Unicode char U+2022 (decimal 8226)
)
Now handling font encoding OMX ...
... no UTF-8 mapping file for font encoding OMX
Now handling font encoding U ...
... no UTF-8 mapping file for font encoding U
   defining Unicode char U+00A9 (decimal 169)
   defining Unicode char U+00AA (decimal 170)
   defining Unicode char U+00AE (decimal 174)
   defining Unicode char U+00BA (decimal 186)
   defining Unicode char U+02C6 (decimal 710)
   defining Unicode char U+02DC (decimal 732)
   defining Unicode char U+200C (decimal 8204)
   defining Unicode char U+2026 (decimal 8230)
   defining Unicode char U+2122 (decimal 8482)
   defining Unicode char U+2423 (decimal 9251)
))
   defining Unicode char U+00A0 (decimal 160)
   defining Unicode char U+2500 (decimal 9472)
   defining Unicode char U+2502 (decimal 9474)
   defining Unicode char U+2514 (decimal 9492)
   defining Unicode char U+251C (decimal 9500)
   defining Unicode char U+2572 (decimal 9586)

(/usr/local/texlive/2016/texmf-dist/tex/latex/cmap/cmap.sty
Package: cmap 2008/03/06 v1.0h CMap support: searchable PDF
)
(/usr/local/texlive/2016/texmf-dist/tex/latex/base/fontenc.sty
Package: fontenc 2005/09/27 v1.99g Standard LaTeX package

(/usr/local/texlive/2016/texmf-dist/tex/latex/base/t1enc.def
File: t1enc.def 2005/09/27 v1.99g Standard LaTeX file
LaTeX Font Info:    Redeclaring font encoding T1 on input line 48.
)<<t1.cmap>>)
(/usr/local/texlive/2016/texmf-dist/tex/latex/amsmath/amsmath.sty
Package: amsmath 2016/03/10 v2.15b AMS math features
\@mathmargin=\skip43

For additional information on amsmath, use the `?' option.
(/usr/local/texlive/2016/texmf-dist/tex/latex/amsmath/amstext.sty
Package: amstext 2000/06/29 v2.01 AMS text

(/usr/local/texlive/2016/texmf-dist/tex/latex/amsmath/amsgen.sty
File: amsgen.sty 1999/11/30 v2.0 generic functions
\@emptytoks=\toks16
\ex@=\dimen103
))
(/usr/local/texlive/2016/texmf-dist/tex/latex/amsmath/amsbsy.sty
Package: amsbsy 1999/11/29 v1.2d Bold Symbols
\pmbraise@=\dimen104
)
(/usr/local/texlive/2016/texmf-dist/tex/latex/amsmath/amsopn.sty
Package: amsopn 2016/03/08 v2.02 operator names
)
\inf@bad=\count88
LaTeX Info: Redefining \frac on input line 199.
\uproot@=\count89
\leftroot@=\count90
LaTeX Info: Redefining \overline on input line 297.
\classnum@=\count91
\DOTSCASE@=\count92
LaTeX Info: Redefining \ldots on input line 394.
LaTeX Info: Redefining \dots on input line 397.
LaTeX Info: Redefining \cdots on input line 518.
\Mathstrutbox@=\box26
\strutbox@=\box27
\big@size=\dimen105
LaTeX Font Info:    Redeclaring font encoding OML on input line 634.
LaTeX Font Info:    Redeclaring font encoding OMS on input line 635.
\macc@depth=\count93
\c@MaxMatrixCols=\count94
\dotsspace@=\muskip10
\c@parentequation=\count95
\dspbrk@lvl=\count96
\tag@help=\toks17
\row@=\count97
\column@=\count98
\maxfields@=\count99
\andhelp@=\toks18
\eqnshift@=\dimen106
\alignsep@=\dimen107
\tagshift@=\dimen108
\tagwidth@=\dimen109
\totwidth@=\dimen110
\lineht@=\dimen111
\@envbody=\toks19
\multlinegap=\skip44
\multlinetaggap=\skip45
\mathdisplay@stack=\toks20
LaTeX Info: Redefining \[ on input line 2739.
LaTeX Info: Redefining \] on input line 2740.
)
(/usr/local/texlive/2016/texmf-dist/tex/latex/amsfonts/amssymb.sty
Package: amssymb 2013/01/14 v3.01 AMS font symbols

(/usr/local/texlive/2016/texmf-dist/tex/latex/amsfonts/amsfonts.sty
Package: amsfonts 2013/01/14 v3.01 Basic AMSFonts support
\symAMSa=\mathgroup4
\symAMSb=\mathgroup5
LaTeX Font Info:    Overwriting math alphabet `\mathfrak' in version `bold'
(Font)                  U/euf/m/n --> U/euf/b/n on input line 106.
))
(/usr/local/texlive/2016/texmf-dist/tex/generic/babel/babel.sty
Package: babel 2016/04/23 3.9r The Babel package

(/usr/local/texlive/2016/texmf-dist/tex/generic/babel-english/english.ldf
Language: english 2012/08/20 v3.3p English support from the babel system

(/usr/local/texlive/2016/texmf-dist/tex/generic/babel/babel.def
File: babel.def 2016/04/23 3.9r Babel common definitions
\babel@savecnt=\count100
\U@D=\dimen112
)
\l@canadian = a dialect from \language\l@american 
\l@australian = a dialect from \language\l@british 
\l@newzealand = a dialect from \language\l@british 
))
(/usr/local/texlive/2016/texmf-dist/tex/latex/tex-gyre/tgtermes.sty
Package: tgtermes 2009/09/27 v1.2 TeX Gyre Termes as default roman family

(/usr/local/texlive/2016/texmf-dist/tex/latex/oberdiek/kvoptions.sty
Package: kvoptions 2016/05/16 v3.12 Key value format for package options (HO)

(/usr/local/texlive/2016/texmf-dist/tex/latex/graphics/keyval.sty
Package: keyval 2014/10/28 v1.15 key=value parser (DPC)
\KV@toks@=\toks21
)
(/usr/local/texlive/2016/texmf-dist/tex/generic/oberdiek/ltxcmds.sty
Package: ltxcmds 2016/05/16 v1.23 LaTeX kernel commands for general use (HO)
)
(/usr/local/texlive/2016/texmf-dist/tex/generic/oberdiek/kvsetkeys.sty
Package: kvsetkeys 2016/05/16 v1.17 Key value parser (HO)

(/usr/local/texlive/2016/texmf-dist/tex/generic/oberdiek/infwarerr.sty
Package: infwarerr 2016/05/16 v1.4 Providing info/warning/error messages (HO)
)
(/usr/local/texlive/2016/texmf-dist/tex/generic/oberdiek/etexcmds.sty
Package: etexcmds 2016/05/16 v1.6 Avoid name clashes with e-TeX commands (HO)

(/usr/local/texlive/2016/texmf-dist/tex/generic/oberdiek/ifluatex.sty
Package: ifluatex 2016/05/16 v1.4 Provides the ifluatex switch (HO)
Package ifluatex Info: LuaTeX not detected.
)
Package etexcmds Info: Could not find \expanded.
(etexcmds)             That can mean that you are not using pdfTeX 1.50 or
(etexcmds)             that some package has redefined \expanded.
(etexcmds)             In the latter case, load this package earlier.
))))
(/usr/local/texlive/2016/texmf-dist/tex/latex/tex-gyre/tgheros.sty
Package: tgheros 2009/09/27 v1.2 TeX Gyre Heros as default sans serif family
)
(/usr/local/texlive/2016/texmf-dist/tex/latex/fncychap/fncychap.sty
Package: fncychap 2007/07/30 v1.34 LaTeX package (Revised chapters)
\RW=\skip46
\mylen=\skip47
\myhi=\skip48
\px=\skip49
\py=\skip50
\pyy=\skip51
\pxx=\skip52
\c@AlphaCnt=\count101
\c@AlphaDecCnt=\count102
)
(./sphinx.sty
Package: sphinx 2023/03/19 v6.2.0 LaTeX package (Sphinx markup)
 (/usr/local/texlive/2016/texmf-dist/tex/latex/xcolor/xcolor.sty
Package: xcolor 2016/05/11 v2.12 LaTeX color extensions (UK)

(/usr/local/texlive/2016/texmf-dist/tex/latex/graphics-cfg/color.cfg
File: color.cfg 2016/01/02 v1.6 sample color configuration
)
Package xcolor Info: Driver file: pdftex.def on input line 225.

(/usr/local/texlive/2016/texmf-dist/tex/latex/pdftex-def/pdftex.def
File: pdftex.def 2011/05/27 v0.06d Graphics/color for pdfTeX
\Gread@gobject=\count103
)
Package xcolor Info: Model `cmy' substituted by `cmy0' on input line 1348.
Package xcolor Info: Model `hsb' substituted by `rgb' on input line 1352.
Package xcolor Info: Model `RGB' extended on input line 1364.
Package xcolor Info: Model `HTML' substituted by `rgb' on input line 1366.
Package xcolor Info: Model `Hsb' substituted by `hsb' on input line 1367.
Package xcolor Info: Model `tHsb' substituted by `hsb' on input line 1368.
Package xcolor Info: Model `HSB' substituted by `hsb' on input line 1369.
Package xcolor Info: Model `Gray' substituted by `gray' on input line 1370.
Package xcolor Info: Model `wave' substituted by `hsb' on input line 1371.
)
(./sphinxoptionshyperref.sty
File: sphinxoptionshyperref.sty 2021/01/27 hyperref
) (./sphinxoptionsgeometry.sty
File: sphinxoptionsgeometry.sty 2021/01/27 geometry
)
(/usr/local/texlive/2016/texmf-dist/tex/latex/base/textcomp.sty
Package: textcomp 2005/09/27 v1.99g Standard LaTeX package
Package textcomp Info: Sub-encoding information:
(textcomp)               5 = only ISO-Adobe without \textcurrency
(textcomp)               4 = 5 + \texteuro
(textcomp)               3 = 4 + \textohm
(textcomp)               2 = 3 + \textestimated + \textcurrency
(textcomp)               1 = TS1 - \textcircled - \t
(textcomp)               0 = TS1 (full)
(textcomp)             Font families with sub-encoding setting implement
(textcomp)             only a restricted character set as indicated.
(textcomp)             Family '?' is the default used for unknown fonts.
(textcomp)             See the documentation for details.
Package textcomp Info: Setting ? sub-encoding to TS1/1 on input line 79.

(/usr/local/texlive/2016/texmf-dist/tex/latex/base/ts1enc.def
File: ts1enc.def 2001/06/05 v3.0e (jk/car/fm) Standard LaTeX file
Now handling font encoding TS1 ...
... processing UTF-8 mapping file for font encoding TS1

(/usr/local/texlive/2016/texmf-dist/tex/latex/base/ts1enc.dfu
File: ts1enc.dfu 2016/02/28 v1.1s UTF-8 support for inputenc
   defining Unicode char U+00A2 (decimal 162)
   defining Unicode char U+00A3 (decimal 163)
   defining Unicode char U+00A4 (decimal 164)
   defining Unicode char U+00A5 (decimal 165)
   defining Unicode char U+00A6 (decimal 166)
   defining Unicode char U+00A7 (decimal 167)
   defining Unicode char U+00A8 (decimal 168)
   defining Unicode char U+00A9 (decimal 169)
   defining Unicode char U+00AA (decimal 170)
   defining Unicode char U+00AC (decimal 172)
   defining Unicode char U+00AE (decimal 174)
   defining Unicode char U+00AF (decimal 175)
   defining Unicode char U+00B0 (decimal 176)
   defining Unicode char U+00B1 (decimal 177)
   defining Unicode char U+00B2 (decimal 178)
   defining Unicode char U+00B3 (decimal 179)
   defining Unicode char U+00B4 (decimal 180)
   defining Unicode char U+00B5 (decimal 181)
   defining Unicode char U+00B6 (decimal 182)
   defining Unicode char U+00B7 (decimal 183)
   defining Unicode char U+00B9 (decimal 185)
   defining Unicode char U+00BA (decimal 186)
   defining Unicode char U+00BC (decimal 188)
   defining Unicode char U+00BD (decimal 189)
   defining Unicode char U+00BE (decimal 190)
   defining Unicode char U+00D7 (decimal 215)
   defining Unicode char U+00F7 (decimal 247)
   defining Unicode char U+0192 (decimal 402)
   defining Unicode char U+02C7 (decimal 711)
   defining Unicode char U+02D8 (decimal 728)
   defining Unicode char U+02DD (decimal 733)
   defining Unicode char U+0E3F (decimal 3647)
   defining Unicode char U+2016 (decimal 8214)
   defining Unicode char U+2020 (decimal 8224)
   defining Unicode char U+2021 (decimal 8225)
   defining Unicode char U+2022 (decimal 8226)
   defining Unicode char U+2030 (decimal 8240)
   defining Unicode char U+2031 (decimal 8241)
   defining Unicode char U+203B (decimal 8251)
   defining Unicode char U+203D (decimal 8253)
   defining Unicode char U+2044 (decimal 8260)
   defining Unicode char U+204E (decimal 8270)
   defining Unicode char U+2052 (decimal 8274)
   defining Unicode char U+20A1 (decimal 8353)
   defining Unicode char U+20A4 (decimal 8356)
   defining Unicode char U+20A6 (decimal 8358)
   defining Unicode char U+20A9 (decimal 8361)
   defining Unicode char U+20AB (decimal 8363)
   defining Unicode char U+20AC (decimal 8364)
   defining Unicode char U+20B1 (decimal 8369)
   defining Unicode char U+2103 (decimal 8451)
   defining Unicode char U+2116 (decimal 8470)
   defining Unicode char U+2117 (decimal 8471)
   defining Unicode char U+211E (decimal 8478)
   defining Unicode char U+2120 (decimal 8480)
   defining Unicode char U+2122 (decimal 8482)
   defining Unicode char U+2126 (decimal 8486)
   defining Unicode char U+2127 (decimal 8487)
   defining Unicode char U+212E (decimal 8494)
   defining Unicode char U+2190 (decimal 8592)
   defining Unicode char U+2191 (decimal 8593)
   defining Unicode char U+2192 (decimal 8594)
   defining Unicode char U+2193 (decimal 8595)
   defining Unicode char U+2329 (decimal 9001)
   defining Unicode char U+232A (decimal 9002)
   defining Unicode char U+2422 (decimal 9250)
   defining Unicode char U+25E6 (decimal 9702)
   defining Unicode char U+25EF (decimal 9711)
   defining Unicode char U+266A (decimal 9834)
))
LaTeX Info: Redefining \oldstylenums on input line 334.
Package textcomp Info: Setting cmr sub-encoding to TS1/0 on input line 349.
Package textcomp Info: Setting cmss sub-encoding to TS1/0 on input line 350.
Package textcomp Info: Setting cmtt sub-encoding to TS1/0 on input line 351.
Package textcomp Info: Setting cmvtt sub-encoding to TS1/0 on input line 352.
Package textcomp Info: Setting cmbr sub-encoding to TS1/0 on input line 353.
Package textcomp Info: Setting cmtl sub-encoding to TS1/0 on input line 354.
Package textcomp Info: Setting ccr sub-encoding to TS1/0 on input line 355.
Package textcomp Info: Setting ptm sub-encoding to TS1/4 on input line 356.
Package textcomp Info: Setting pcr sub-encoding to TS1/4 on input line 357.
Package textcomp Info: Setting phv sub-encoding to TS1/4 on input line 358.
Package textcomp Info: Setting ppl sub-encoding to TS1/3 on input line 359.
Package textcomp Info: Setting pag sub-encoding to TS1/4 on input line 360.
Package textcomp Info: Setting pbk sub-encoding to TS1/4 on input line 361.
Package textcomp Info: Setting pnc sub-encoding to TS1/4 on input line 362.
Package textcomp Info: Setting pzc sub-encoding to TS1/4 on input line 363.
Package textcomp Info: Setting bch sub-encoding to TS1/4 on input line 364.
Package textcomp Info: Setting put sub-encoding to TS1/5 on input line 365.
Package textcomp Info: Setting uag sub-encoding to TS1/5 on input line 366.
Package textcomp Info: Setting ugq sub-encoding to TS1/5 on input line 367.
Package textcomp Info: Setting ul8 sub-encoding to TS1/4 on input line 368.
Package textcomp Info: Setting ul9 sub-encoding to TS1/4 on input line 369.
Package textcomp Info: Setting augie sub-encoding to TS1/5 on input line 370.
Package textcomp Info: Setting dayrom sub-encoding to TS1/3 on input line 371.
Package textcomp Info: Setting dayroms sub-encoding to TS1/3 on input line 372.

Package textcomp Info: Setting pxr sub-encoding to TS1/0 on input line 373.
Package textcomp Info: Setting pxss sub-encoding to TS1/0 on input line 374.
Package textcomp Info: Setting pxtt sub-encoding to TS1/0 on input line 375.
Package textcomp Info: Setting txr sub-encoding to TS1/0 on input line 376.
Package textcomp Info: Setting txss sub-encoding to TS1/0 on input line 377.
Package textcomp Info: Setting txtt sub-encoding to TS1/0 on input line 378.
Package textcomp Info: Setting lmr sub-encoding to TS1/0 on input line 379.
Package textcomp Info: Setting lmdh sub-encoding to TS1/0 on input line 380.
Package textcomp Info: Setting lmss sub-encoding to TS1/0 on input line 381.
Package textcomp Info: Setting lmssq sub-encoding to TS1/0 on input line 382.
Package textcomp Info: Setting lmvtt sub-encoding to TS1/0 on input line 383.
Package textcomp Info: Setting lmtt sub-encoding to TS1/0 on input line 384.
Package textcomp Info: Setting qhv sub-encoding to TS1/0 on input line 385.
Package textcomp Info: Setting qag sub-encoding to TS1/0 on input line 386.
Package textcomp Info: Setting qbk sub-encoding to TS1/0 on input line 387.
Package textcomp Info: Setting qcr sub-encoding to TS1/0 on input line 388.
Package textcomp Info: Setting qcs sub-encoding to TS1/0 on input line 389.
Package textcomp Info: Setting qpl sub-encoding to TS1/0 on input line 390.
Package textcomp Info: Setting qtm sub-encoding to TS1/0 on input line 391.
Package textcomp Info: Setting qzc sub-encoding to TS1/0 on input line 392.
Package textcomp Info: Setting qhvc sub-encoding to TS1/0 on input line 393.
Package textcomp Info: Setting futs sub-encoding to TS1/4 on input line 394.
Package textcomp Info: Setting futx sub-encoding to TS1/4 on input line 395.
Package textcomp Info: Setting futj sub-encoding to TS1/4 on input line 396.
Package textcomp Info: Setting hlh sub-encoding to TS1/3 on input line 397.
Package textcomp Info: Setting hls sub-encoding to TS1/3 on input line 398.
Package textcomp Info: Setting hlst sub-encoding to TS1/3 on input line 399.
Package textcomp Info: Setting hlct sub-encoding to TS1/5 on input line 400.
Package textcomp Info: Setting hlx sub-encoding to TS1/5 on input line 401.
Package textcomp Info: Setting hlce sub-encoding to TS1/5 on input line 402.
Package textcomp Info: Setting hlcn sub-encoding to TS1/5 on input line 403.
Package textcomp Info: Setting hlcw sub-encoding to TS1/5 on input line 404.
Package textcomp Info: Setting hlcf sub-encoding to TS1/5 on input line 405.
Package textcomp Info: Setting pplx sub-encoding to TS1/3 on input line 406.
Package textcomp Info: Setting pplj sub-encoding to TS1/3 on input line 407.
Package textcomp Info: Setting ptmx sub-encoding to TS1/4 on input line 408.
Package textcomp Info: Setting ptmj sub-encoding to TS1/4 on input line 409.
)
(/usr/local/texlive/2016/texmf-dist/tex/latex/float/float.sty
Package: float 2001/11/08 v1.3d Float enhancements (AL)
\c@float@type=\count104
\float@exts=\toks22
\float@box=\box28
\@float@everytoks=\toks23
\@floatcapt=\box29
)
(/usr/local/texlive/2016/texmf-dist/tex/latex/wrapfig/wrapfig.sty
\wrapoverhang=\dimen113
\WF@size=\dimen114
\c@WF@wrappedlines=\count105
\WF@box=\box30
\WF@everypar=\toks24
Package: wrapfig 2003/01/31  v 3.6
)
(/usr/local/texlive/2016/texmf-dist/tex/latex/capt-of/capt-of.sty
Package: capt-of 2009/12/29 v0.2 standard captions outside of floats
)
(/usr/local/texlive/2016/texmf-dist/tex/latex/tools/multicol.sty
Package: multicol 2016/04/07 v1.8p multicolumn formatting (FMi)
\c@tracingmulticols=\count106
\mult@box=\box31
\multicol@leftmargin=\dimen115
\c@unbalance=\count107
\c@collectmore=\count108
\doublecol@number=\count109
\multicoltolerance=\count110
\multicolpretolerance=\count111
\full@width=\dimen116
\page@free=\dimen117
\premulticols=\dimen118
\postmulticols=\dimen119
\multicolsep=\skip53
\multicolbaselineskip=\skip54
\partial@page=\box32
\last@line=\box33
\maxbalancingoverflow=\dimen120
\mult@rightbox=\box34
\mult@grightbox=\box35
\mult@gfirstbox=\box36
\mult@firstbox=\box37
\@tempa=\box38
\@tempa=\box39
\@tempa=\box40
\@tempa=\box41
\@tempa=\box42
\@tempa=\box43
\@tempa=\box44
\@tempa=\box45
\@tempa=\box46
\@tempa=\box47
\@tempa=\box48
\@tempa=\box49
\@tempa=\box50
\@tempa=\box51
\@tempa=\box52
\@tempa=\box53
\@tempa=\box54
\c@columnbadness=\count112
\c@finalcolumnbadness=\count113
\last@try=\dimen121
\multicolovershoot=\dimen122
\multicolundershoot=\dimen123
\mult@nat@firstbox=\box55
\colbreak@box=\box56
\mc@col@check@num=\count114
)
(/usr/local/texlive/2016/texmf-dist/tex/latex/graphics/graphicx.sty
Package: graphicx 2014/10/28 v1.0g Enhanced LaTeX Graphics (DPC,SPQR)

(/usr/local/texlive/2016/texmf-dist/tex/latex/graphics/graphics.sty
Package: graphics 2016/05/09 v1.0r Standard LaTeX Graphics (DPC,SPQR)

(/usr/local/texlive/2016/texmf-dist/tex/latex/graphics/trig.sty
Package: trig 2016/01/03 v1.10 sin cos tan (DPC)
)
(/usr/local/texlive/2016/texmf-dist/tex/latex/graphics-cfg/graphics.cfg
File: graphics.cfg 2016/01/02 v1.10 sample graphics configuration
)
Package graphics Info: Driver file: pdftex.def on input line 96.
)
\Gin@req@height=\dimen124
\Gin@req@width=\dimen125
)
(./sphinxlatexgraphics.sty
File: sphinxlatexgraphics.sty 2021/01/27 graphics
\spx@image@maxheight=\dimen126
\spx@image@box=\box57
) (./sphinxpackageboxes.sty
Package: sphinxpackageboxes 2023/03/19 v6.2.0 advanced colored boxes

(/usr/local/texlive/2016/texmf-dist/tex/latex/pict2e/pict2e.sty
Package: pict2e 2016/02/05 v0.3b Improved picture commands (HjG,RN,JT)

(/usr/local/texlive/2016/texmf-dist/tex/latex/pict2e/pict2e.cfg
File: pict2e.cfg 2016/02/05 v0.1u pict2e configuration for teTeX/TeXLive
)
Package pict2e Info: Driver file: pdftex.def on input line 119.
Package pict2e Info: Driver file for pict2e: p2e-pdftex.def on input line 121.

(/usr/local/texlive/2016/texmf-dist/tex/latex/pict2e/p2e-pdftex.def
File: p2e-pdftex.def 2016/02/05 v0.1u Driver-dependant file (RN,HjG,JT)
)
\pIIe@GRAPH=\toks25
\@arclen=\dimen127
\@arcrad=\dimen128
\@tempdimd=\dimen129
)
(/usr/local/texlive/2016/texmf-dist/tex/latex/ellipse/ellipse.sty
Package: ellipse 2004/11/05 v1.0 .dtx ellipse file
)
\spx@tempboxa=\box58
\spx@tempboxb=\box59
\spx@boxes@border=\dimen130
\spx@boxes@border@top=\dimen131
\spx@boxes@border@right=\dimen132
\spx@boxes@border@bottom=\dimen133
\spx@boxes@border@left=\dimen134
\spx@boxes@padding@top=\dimen135
\spx@boxes@padding@right=\dimen136
\spx@boxes@padding@bottom=\dimen137
\spx@boxes@padding@left=\dimen138
\spx@boxes@shadow@xoffset=\dimen139
\spx@boxes@shadow@yoffset=\dimen140
\spx@boxes@radius@topleft@x=\dimen141
\spx@boxes@radius@topright@x=\dimen142
\spx@boxes@radius@bottomright@x=\dimen143
\spx@boxes@radius@bottomleft@x=\dimen144
\spx@boxes@radius@topleft@y=\dimen145
\spx@boxes@radius@topright@y=\dimen146
\spx@boxes@radius@bottomright@y=\dimen147
\spx@boxes@radius@bottomleft@y=\dimen148
)
(./sphinxlatexadmonitions.sty
File: sphinxlatexadmonitions.sty 2023/03/19 admonitions

(/usr/local/texlive/2016/texmf-dist/tex/latex/framed/framed.sty
Package: framed 2011/10/22 v 0.96: framed or shaded text with page breaks
\OuterFrameSep=\skip55
\fb@frw=\dimen149
\fb@frh=\dimen150
\FrameRule=\dimen151
\FrameSep=\dimen152
)
\spx@notice@border=\dimen153
)
(./sphinxlatexliterals.sty
File: sphinxlatexliterals.sty 2023/04/01 code-blocks and parsed literals

(/usr/local/texlive/2016/texmf-dist/tex/latex/fancyvrb/fancyvrb.sty
Package: fancyvrb 2008/02/07

Style option: `fancyvrb' v2.7a, with DG/SPQR fixes, and firstline=lastline fix 
<2008/02/07> (tvz)
\FV@CodeLineNo=\count115
\FV@InFile=\read1
\FV@TabBox=\box60
\c@FancyVerbLine=\count116
\FV@StepNumber=\count117
\FV@OutFile=\write3
)
(/usr/local/texlive/2016/texmf-dist/tex/latex/base/alltt.sty
Package: alltt 1997/06/16 v2.0g defines alltt environment
)
(/usr/local/texlive/2016/texmf-dist/tex/latex/upquote/upquote.sty
Package: upquote 2012/04/19 v1.3 upright-quote and grave-accent glyphs in verba
tim
)
(/usr/local/texlive/2016/texmf-dist/tex/latex/needspace/needspace.sty
Package: needspace 2010/09/12 v1.3d reserve vertical space
)
\sphinxcontinuationbox=\box61
\sphinxvisiblespacebox=\box62
\sphinxVerbatim@TitleBox=\box63
\sphinxVerbatim@ContentsBox=\box64
)
(./sphinxlatexshadowbox.sty
File: sphinxlatexshadowbox.sty 2023/03/19 sphinxShadowBox
) (./sphinxlatexcontainers.sty
File: sphinxlatexcontainers.sty 2021/05/03 containers
)
(./sphinxhighlight.sty
Package: sphinxhighlight 2022/06/30 stylesheet for highlighting with pygments
) (./sphinxlatextables.sty
File: sphinxlatextables.sty 2022/08/15 tables

(/usr/local/texlive/2016/texmf-dist/tex/latex/tabulary/tabulary.sty
Package: tabulary 2014/06/11 v0.10 tabulary package (DPC)

(/usr/local/texlive/2016/texmf-dist/tex/latex/tools/array.sty
Package: array 2014/10/28 v2.4c Tabular extension package (FMi)
\col@sep=\dimen154
\extrarowheight=\dimen155
\NC@list=\toks26
\extratabsurround=\skip56
\backup@length=\skip57
)
\TY@count=\count118
\TY@linewidth=\dimen156
\tymin=\dimen157
\tymax=\dimen158
\TY@tablewidth=\dimen159
)
(/usr/local/texlive/2016/texmf-dist/tex/latex/tools/longtable.sty
Package: longtable 2014/10/28 v4.11 Multi-page Table package (DPC)
\LTleft=\skip58
\LTright=\skip59
\LTpre=\skip60
\LTpost=\skip61
\LTchunksize=\count119
\LTcapwidth=\dimen160
\LT@head=\box65
\LT@firsthead=\box66
\LT@foot=\box67
\LT@lastfoot=\box68
\LT@cols=\count120
\LT@rows=\count121
\c@LT@tables=\count122
\c@LT@chunks=\count123
\LT@p@ftn=\toks27
)
(/usr/local/texlive/2016/texmf-dist/tex/latex/varwidth/varwidth.sty
Package: varwidth 2009/03/30 ver 0.92;  Variable-width minipages
\@vwid@box=\box69
\sift@deathcycles=\count124
\@vwid@loff=\dimen161
\@vwid@roff=\dimen162
)
\sphinx@TY@tablewidth=\dimen163

(/usr/local/texlive/2016/texmf-dist/tex/latex/colortbl/colortbl.sty
Package: colortbl 2012/02/13 v1.0a Color table columns (DPC)
\everycr=\toks28
\minrowclearance=\skip62
)
\rownum=\count125

(/usr/local/texlive/2016/texmf-dist/tex/latex/booktabs/booktabs.sty
Package: booktabs 2016/04/27 v1.618033 publication quality tables
\heavyrulewidth=\dimen164
\lightrulewidth=\dimen165
\cmidrulewidth=\dimen166
\belowrulesep=\dimen167
\belowbottomsep=\dimen168
\aboverulesep=\dimen169
\abovetopsep=\dimen170
\cmidrulesep=\dimen171
\cmidrulekern=\dimen172
\defaultaddspace=\dimen173
\@cmidla=\count126
\@cmidlb=\count127
\@aboverulesep=\dimen174
\@belowrulesep=\dimen175
\@thisruleclass=\count128
\@lastruleclass=\count129
\@thisrulewidth=\dimen176
))
(./sphinxlatexnumfig.sty
File: sphinxlatexnumfig.sty 2021/01/27 numbering

(/usr/local/texlive/2016/texmf-dist/tex/latex/carlisle/remreset.sty))
(./sphinxlatexlists.sty
File: sphinxlatexlists.sty 2021/12/20 lists
\spx@lineitemlabel=\toks29
)
\c@sphinxscope=\count130
 (./sphinxpackagefootnote.sty
Package: sphinxpackagefootnote 2022/08/15 v5.3.0 Sphinx custom footnotehyper pa
ckage (Sphinx team)
\FNH@notes=\box70
\FNH@toks=\toks30
\FNH@width=\dimen177
\c@sphinxfootnotemark=\count131
)
(./sphinxlatexindbibtoc.sty
File: sphinxlatexindbibtoc.sty 2021/01/27 index, bib., toc

(/usr/local/texlive/2016/texmf-dist/tex/latex/base/makeidx.sty
Package: makeidx 2014/09/29 v1.0m Standard LaTeX package
))
(./sphinxlatexstylepage.sty
File: sphinxlatexstylepage.sty 2021/01/27 page styling

(/usr/local/texlive/2016/texmf-dist/tex/latex/parskip/parskip.sty
Package: parskip 2001/04/09 non-zero parskip adjustments
)
(/usr/local/texlive/2016/texmf-dist/tex/latex/fancyhdr/fancyhdr.sty
\fancy@headwidth=\skip63
\f@ncyO@elh=\skip64
\f@ncyO@erh=\skip65
\f@ncyO@olh=\skip66
\f@ncyO@orh=\skip67
\f@ncyO@elf=\skip68
\f@ncyO@erf=\skip69
\f@ncyO@olf=\skip70
\f@ncyO@orf=\skip71
))
(./sphinxlatexstyleheadings.sty
File: sphinxlatexstyleheadings.sty 2023/02/11 headings

(/usr/local/texlive/2016/texmf-dist/tex/latex/titlesec/titlesec.sty
Package: titlesec 2016/03/21 v2.10.2 Sectioning titles
\ttl@box=\box71
\beforetitleunit=\skip72
\aftertitleunit=\skip73
\ttl@plus=\dimen178
\ttl@minus=\dimen179
\ttl@toksa=\toks31
\titlewidth=\dimen180
\titlewidthlast=\dimen181
\titlewidthfirst=\dimen182
))
(./sphinxlatexstyletext.sty
File: sphinxlatexstyletext.sty 2023/07/23 text styling
) (./sphinxlatexobjects.sty
File: sphinxlatexobjects.sty 2023/07/23 documentation environments
\sphinxsignaturesep=\skip74
\sphinxsignaturelistskip=\skip75
\py@argswidth=\skip76
\lineblockindentation=\skip77
\DUlineblockindent=\skip78
))
(/usr/local/texlive/2016/texmf-dist/tex/latex/geometry/geometry.sty
Package: geometry 2010/09/12 v5.6 Page Geometry

(/usr/local/texlive/2016/texmf-dist/tex/generic/oberdiek/ifpdf.sty
Package: ifpdf 2016/05/14 v3.1 Provides the ifpdf switch
)
(/usr/local/texlive/2016/texmf-dist/tex/generic/oberdiek/ifvtex.sty
Package: ifvtex 2016/05/16 v1.6 Detect VTeX and its facilities (HO)
Package ifvtex Info: VTeX not detected.
)
(/usr/local/texlive/2016/texmf-dist/tex/generic/ifxetex/ifxetex.sty
Package: ifxetex 2010/09/12 v0.6 Provides ifxetex conditional
)
\Gm@cnth=\count132
\Gm@cntv=\count133
\c@Gm@tempcnt=\count134
\Gm@bindingoffset=\dimen183
\Gm@wd@mp=\dimen184
\Gm@odd@mp=\dimen185
\Gm@even@mp=\dimen186
\Gm@layoutwidth=\dimen187
\Gm@layoutheight=\dimen188
\Gm@layouthoffset=\dimen189
\Gm@layoutvoffset=\dimen190
\Gm@dimlist=\toks32
)
(/usr/local/texlive/2016/texmf-dist/tex/latex/hyperref/hyperref.sty
Package: hyperref 2016/05/05 v6.83n Hypertext links for LaTeX

(/usr/local/texlive/2016/texmf-dist/tex/generic/oberdiek/hobsub-hyperref.sty
Package: hobsub-hyperref 2016/05/16 v1.14 Bundle oberdiek, subset hyperref (HO)


(/usr/local/texlive/2016/texmf-dist/tex/generic/oberdiek/hobsub-generic.sty
Package: hobsub-generic 2016/05/16 v1.14 Bundle oberdiek, subset generic (HO)
Package: hobsub 2016/05/16 v1.14 Construct package bundles (HO)
Package hobsub Info: Skipping package `infwarerr' (already loaded).
Package hobsub Info: Skipping package `ltxcmds' (already loaded).
Package hobsub Info: Skipping package `ifluatex' (already loaded).
Package hobsub Info: Skipping package `ifvtex' (already loaded).
Package: intcalc 2016/05/16 v1.2 Expandable calculations with integers (HO)
Package hobsub Info: Skipping package `ifpdf' (already loaded).
Package hobsub Info: Skipping package `etexcmds' (already loaded).
Package hobsub Info: Skipping package `kvsetkeys' (already loaded).
Package: kvdefinekeys 2016/05/16 v1.4 Define keys (HO)
Package: pdftexcmds 2016/05/10 v0.21 Utility functions of pdfTeX for LuaTeX (HO
)
Package pdftexcmds Info: LuaTeX not detected.
Package pdftexcmds Info: \pdf@primitive is available.
Package pdftexcmds Info: \pdf@ifprimitive is available.
Package pdftexcmds Info: \pdfdraftmode found.
Package: pdfescape 2016/05/16 v1.14 Implements pdfTeX's escape features (HO)
Package: bigintcalc 2016/05/16 v1.4 Expandable calculations on big integers (HO
)
Package: bitset 2016/05/16 v1.2 Handle bit-vector datatype (HO)
Package: uniquecounter 2016/05/16 v1.3 Provide unlimited unique counter (HO)
)
Package hobsub Info: Skipping package `hobsub' (already loaded).
Package: letltxmacro 2016/05/16 v1.5 Let assignment for LaTeX macros (HO)
Package: hopatch 2016/05/16 v1.3 Wrapper for package hooks (HO)
Package: xcolor-patch 2016/05/16 xcolor patch
Package: atveryend 2016/05/16 v1.9 Hooks at the very end of document (HO)
Package atveryend Info: \enddocument detected (standard20110627).
Package: atbegshi 2016/05/16 v1.17 At begin shipout hook (HO)
Package: refcount 2016/05/16 v3.5 Data extraction from label references (HO)
Package: hycolor 2016/05/16 v1.8 Color options for hyperref/bookmark (HO)
)
(/usr/local/texlive/2016/texmf-dist/tex/latex/oberdiek/auxhook.sty
Package: auxhook 2016/05/16 v1.4 Hooks for auxiliary files (HO)
)
\@linkdim=\dimen191
\Hy@linkcounter=\count135
\Hy@pagecounter=\count136

(/usr/local/texlive/2016/texmf-dist/tex/latex/hyperref/pd1enc.def
File: pd1enc.def 2016/05/05 v6.83n Hyperref: PDFDocEncoding definition (HO)
Now handling font encoding PD1 ...
... no UTF-8 mapping file for font encoding PD1
)
\Hy@SavedSpaceFactor=\count137

(/usr/local/texlive/2016/texmf-dist/tex/latex/latexconfig/hyperref.cfg
File: hyperref.cfg 2002/06/06 v1.2 hyperref configuration of TeXLive
)
Package hyperref Info: Option `unicode' set `true' on input line 4322.

(/usr/local/texlive/2016/texmf-dist/tex/latex/hyperref/puenc.def
File: puenc.def 2016/05/05 v6.83n Hyperref: PDF Unicode definition (HO)
Now handling font encoding PU ...
... no UTF-8 mapping file for font encoding PU
)
Package hyperref Info: Option `colorlinks' set `true' on input line 4322.
Package hyperref Info: Option `breaklinks' set `true' on input line 4322.
Package hyperref Info: Hyper figures OFF on input line 4446.
Package hyperref Info: Link nesting OFF on input line 4451.
Package hyperref Info: Hyper index ON on input line 4454.
Package hyperref Info: Plain pages OFF on input line 4461.
Package hyperref Info: Backreferencing OFF on input line 4466.
Package hyperref Info: Implicit mode ON; LaTeX internals redefined.
Package hyperref Info: Bookmarks ON on input line 4691.
\c@Hy@tempcnt=\count138

(/usr/local/texlive/2016/texmf-dist/tex/latex/url/url.sty
\Urlmuskip=\muskip11
Package: url 2013/09/16  ver 3.4  Verb mode for urls, etc.
)
LaTeX Info: Redefining \url on input line 5044.
\XeTeXLinkMargin=\dimen192
\Fld@menulength=\count139
\Field@Width=\dimen193
\Fld@charsize=\dimen194
Package hyperref Info: Hyper figures OFF on input line 6298.
Package hyperref Info: Link nesting OFF on input line 6303.
Package hyperref Info: Hyper index ON on input line 6306.
Package hyperref Info: backreferencing OFF on input line 6313.
Package hyperref Info: Link coloring ON on input line 6316.
Package hyperref Info: Link coloring with OCG OFF on input line 6323.
Package hyperref Info: PDF/A mode OFF on input line 6328.
LaTeX Info: Redefining \ref on input line 6368.
LaTeX Info: Redefining \pageref on input line 6372.
\Hy@abspage=\count140
\c@Item=\count141
\c@Hfootnote=\count142
)

Package hyperref Message: Driver (autodetected): hpdftex.

(/usr/local/texlive/2016/texmf-dist/tex/latex/hyperref/hpdftex.def
File: hpdftex.def 2016/05/05 v6.83n Hyperref driver for pdfTeX
\Fld@listcount=\count143
\c@bookmark@seq@number=\count144

(/usr/local/texlive/2016/texmf-dist/tex/latex/oberdiek/rerunfilecheck.sty
Package: rerunfilecheck 2016/05/16 v1.8 Rerun checks for auxiliary files (HO)
Package uniquecounter Info: New unique counter `rerunfilecheck' on input line 2
82.
)
\Hy@SectionHShift=\skip79
)
(/usr/local/texlive/2016/texmf-dist/tex/latex/oberdiek/hypcap.sty
Package: hypcap 2016/05/16 v1.12 Adjusting the anchors of captions (HO)
)
(./sphinxmessages.sty
Package: sphinxmessages 2019/01/04 v2.0 Localized LaTeX macros (Sphinx team)
)
\@indexfile=\write4
\openout4 = `prpyprobabilisticrobotlocalizationpythonlibrary.idx'.


Writing index file prpyprobabilisticrobotlocalizationpythonlibrary.idx
(./prpyprobabilisticrobotlocalizationpythonlibrary.aux

LaTeX Warning: Label `equation:Feature:eq-boxplus' multiply defined.


LaTeX Warning: Label `equation:Feature:eq-boxplus' multiply defined.


LaTeX Warning: Label `equation:Feature:eq-boxplus2DCartesian' multiply defined.



LaTeX Warning: Label `equation:GFLocalization:eq-f-GFLocalization' multiply def
ined.


LaTeX Warning: Label `equation:GFLocalization:eq-f-GFLocalization' multiply def
ined.


LaTeX Warning: Label `equation:GFLocalization:eq-h' multiply defined.


LaTeX Warning: Label `equation:GFLocalization:eq-f-GFLocalization' multiply def
ined.


LaTeX Warning: Label `equation:GFLocalization:eq-f-GFLocalization' multiply def
ined.


LaTeX Warning: Label `equation:GFLocalization:eq-h' multiply defined.

)
\openout1 = `prpyprobabilisticrobotlocalizationpythonlibrary.aux'.

LaTeX Font Info:    Checking defaults for OML/cmm/m/it on input line 72.
LaTeX Font Info:    ... okay on input line 72.
LaTeX Font Info:    Checking defaults for T1/cmr/m/n on input line 72.
LaTeX Font Info:    ... okay on input line 72.
LaTeX Font Info:    Checking defaults for OT1/cmr/m/n on input line 72.
LaTeX Font Info:    ... okay on input line 72.
LaTeX Font Info:    Checking defaults for OMS/cmsy/m/n on input line 72.
LaTeX Font Info:    ... okay on input line 72.
LaTeX Font Info:    Checking defaults for OMX/cmex/m/n on input line 72.
LaTeX Font Info:    ... okay on input line 72.
LaTeX Font Info:    Checking defaults for U/cmr/m/n on input line 72.
LaTeX Font Info:    ... okay on input line 72.
LaTeX Font Info:    Checking defaults for TS1/cmr/m/n on input line 72.
LaTeX Font Info:    Try loading font information for TS1+cmr on input line 72.
 (/usr/local/texlive/2016/texmf-dist/tex/latex/base/ts1cmr.fd
File: ts1cmr.fd 2014/09/29 v2.5h Standard LaTeX font definitions
)
LaTeX Font Info:    ... okay on input line 72.
LaTeX Font Info:    Checking defaults for PD1/pdf/m/n on input line 72.
LaTeX Font Info:    ... okay on input line 72.
LaTeX Font Info:    Checking defaults for PU/pdf/m/n on input line 72.
LaTeX Font Info:    ... okay on input line 72.
LaTeX Font Info:    Try loading font information for T1+qtm on input line 72.

(/usr/local/texlive/2016/texmf-dist/tex/latex/tex-gyre/t1qtm.fd
File: t1qtm.fd 2009/09/25 v1.2 font definition file for T1/qtm
)
(/usr/local/texlive/2016/texmf-dist/tex/context/base/mkii/supp-pdf.mkii
[Loading MPS to PDF converter (version 2006.09.02).]
\scratchcounter=\count145
\scratchdimen=\dimen195
\scratchbox=\box72
\nofMPsegments=\count146
\nofMParguments=\count147
\everyMPshowfont=\toks33
\MPscratchCnt=\count148
\MPscratchDim=\dimen196
\MPnumerator=\count149
\makeMPintoPDFobject=\count150
\everyMPtoPDFconversion=\toks34
) (/usr/local/texlive/2016/texmf-dist/tex/latex/oberdiek/epstopdf-base.sty
Package: epstopdf-base 2016/05/15 v2.6 Base part for package epstopdf

(/usr/local/texlive/2016/texmf-dist/tex/latex/oberdiek/grfext.sty
Package: grfext 2016/05/16 v1.2 Manage graphics extensions (HO)
)
Package grfext Info: Graphics extension search list:
(grfext)             [.png,.pdf,.jpg,.mps,.jpeg,.jbig2,.jb2,.PNG,.PDF,.JPG,.JPE
G,.JBIG2,.JB2,.eps]
(grfext)             \AppendGraphicsExtensions on input line 456.

(/usr/local/texlive/2016/texmf-dist/tex/latex/latexconfig/epstopdf-sys.cfg
File: epstopdf-sys.cfg 2010/07/13 v1.3 Configuration of (r)epstopdf for TeX Liv
e
))
\c@literalblock=\count151

*geometry* driver: auto-detecting
*geometry* detected driver: pdftex
*geometry* verbose mode - [ preamble ] result:
* driver: pdftex
* paper: letterpaper
* layout: <same size as paper>
* layoutoffset:(h,v)=(0.0pt,0.0pt)
* modes: twoside 
* h-part:(L,W,R)=(72.26999pt, 469.75502pt, 72.26999pt)
* v-part:(T,H,B)=(72.26999pt, 650.43001pt, 72.26999pt)
* \paperwidth=614.295pt
* \paperheight=794.96999pt
* \textwidth=469.75502pt
* \textheight=650.43001pt
* \oddsidemargin=0.0pt
* \evensidemargin=0.0pt
* \topmargin=-37.0pt
* \headheight=12.0pt
* \headsep=25.0pt
* \topskip=10.0pt
* \footskip=30.0pt
* \marginparwidth=36.135pt
* \marginparsep=11.0pt
* \columnsep=10.0pt
* \skip\footins=9.0pt plus 4.0pt minus 2.0pt
* \hoffset=0.0pt
* \voffset=0.0pt
* \mag=1000
* \@twocolumnfalse
* \@twosidetrue
* \@mparswitchtrue
* \@reversemarginfalse
* (1in=72.27pt=25.4mm, 1cm=28.453pt)

\AtBeginShipoutBox=\box73
Package hyperref Info: Link coloring ON on input line 72.
(/usr/local/texlive/2016/texmf-dist/tex/latex/hyperref/nameref.sty
Package: nameref 2012/10/27 v2.43 Cross-referencing by name of section

(/usr/local/texlive/2016/texmf-dist/tex/generic/oberdiek/gettitlestring.sty
Package: gettitlestring 2016/05/16 v1.5 Cleanup title references (HO)
)
\c@section@level=\count152
)
LaTeX Info: Redefining \ref on input line 72.
LaTeX Info: Redefining \pageref on input line 72.
LaTeX Info: Redefining \nameref on input line 72.

(./prpyprobabilisticrobotlocalizationpythonlibrary.out)
(./prpyprobabilisticrobotlocalizationpythonlibrary.out)
\@outlinefile=\write5
\openout5 = `prpyprobabilisticrobotlocalizationpythonlibrary.out'.

Package hyperref Info: Option `pageanchor' set `false' on input line 80.
LaTeX Font Info:    Try loading font information for T1+qhv on input line 80.

(/usr/local/texlive/2016/texmf-dist/tex/latex/tex-gyre/t1qhv.fd
File: t1qhv.fd 2009/09/25 v1.2 font definition file for T1/qhv
)<<ot1.cmap>><<oml.cmap>><<oms.cmap>><<omx.cmap>>
LaTeX Font Info:    Try loading font information for U+msa on input line 80.

(/usr/local/texlive/2016/texmf-dist/tex/latex/amsfonts/umsa.fd
File: umsa.fd 2013/01/14 v3.01 AMS symbols A
)
LaTeX Font Info:    Try loading font information for U+msb on input line 80.

(/usr/local/texlive/2016/texmf-dist/tex/latex/amsfonts/umsb.fd
File: umsb.fd 2013/01/14 v3.01 AMS symbols B
) [1

{/usr/local/texlive/2016/texmf-var/fonts/map/pdftex/updmap/pdftex.map}] [2


]
(./prpyprobabilisticrobotlocalizationpythonlibrary.toc)
\tf@toc=\write6
\openout6 = `prpyprobabilisticrobotlocalizationpythonlibrary.toc'.

 [1

] [2

] [1] [2

]
Chapter 1.
<Pose.png, id=313, 252.945pt x 1269.24188pt>
LaTeX Font Info:    Try loading font information for T1+txtt on input line 109.


(/usr/local/texlive/2016/texmf-dist/tex/latex/txfonts/t1txtt.fd
File: t1txtt.fd 2000/12/15 v3.1
)
File: Pose.png Graphic file (type png)

<use Pose.png>
Package pdftex.def Info: Pose.png used on input line 109.
(pdftex.def)             Requested size: 129.6255pt x 650.44226pt.
LaTeX Font Info:    Font shape `T1/txtt/b/n' in size <10> not available
(Font)              Font shape `T1/txtt/bx/n' tried instead on input line 116.
 [3] [4 <./Pose.png>] [5]
<Pose3D.png, id=370, 252.945pt x 1431.84938pt>
File: Pose3D.png Graphic file (type png)
 <use Pose3D.png>
Package pdftex.def Info: Pose3D.png used on input line 338.
(pdftex.def)             Requested size: 114.90489pt x 650.44377pt.
LaTeX Font Info:    Font shape `T1/txtt/m/it' in size <10> not available
(Font)              Font shape `T1/txtt/m/sl' tried instead on input line 348.
 [6] [7 <./Pose3D.png>]
LaTeX Font Info:    Try loading font information for TS1+qtm on input line 447.

 (/usr/local/texlive/2016/texmf-dist/tex/latex/tex-gyre/ts1qtm.fd
File: ts1qtm.fd 2009/09/25 v1.2 font definition file for TS1/qtm
)
<Pose4D.png, id=398, 252.945pt x 1431.84938pt>
File: Pose4D.png Graphic file (type png)
 <use Pose4D.png>
Package pdftex.def Info: Pose4D.png used on input line 520.
(pdftex.def)             Requested size: 114.90489pt x 650.44377pt.
 [8] [9 <./Pose4D.png>] [10] <Feature.png, id=438, 150.5625pt x 133.24782pt>
File: Feature.png Graphic file (type png)
 <use Feature.png>
Package pdftex.def Info: Feature.png used on input line 718.
(pdftex.def)             Requested size: 112.92159pt x 99.93561pt.

[11 <./Feature.png>]
<CartesianFeature.png, id=451, 413.29407pt x 1224.07312pt>
File: CartesianFeature.png Graphic file (type png)

<use CartesianFeature.png>
Package pdftex.def Info: CartesianFeature.png used on input line 889.
(pdftex.def)             Requested size: 219.61238pt x 650.418pt.
 [12] [13 <./CartesianFeature.png>]
! Undefined control sequence.
l.966 Jacobian matrix \(J_{\1
                             boxplus}\) (eq. \eqref{equation:Feature:eq-J1bo...

? 
<PolarFeature.png, id=471, 524.71031pt x 2317.15688pt>
File: PolarFeature.png Graphic file (type png)
 <use PolarFeature.png>
Package pdftex.def Info: PolarFeature.png used on input line 1050.
(pdftex.def)             Requested size: 147.28618pt x 650.42593pt.

[14] [15 <./PolarFeature.png>]
! Undefined control sequence.
l.1127 Jacobian matrix \(J_{\1
                              boxplus}\) (eq. \eqref{equation:Feature:eq-J1b...

? 
[16] [17] <3D_Spherical.png, id=518, 903.375pt x 782.925pt>
File: 3D_Spherical.png Graphic file (type png)

<use 3D_Spherical.png>
Package pdftex.def Info: 3D_Spherical.png used on input line 1331.
(pdftex.def)             Requested size: 225.84229pt x 195.73077pt.
 [18 <./3D_Spherical.png>] [19]
<SimulatedRobot.png, id=542, 205.5178pt x 333.49594pt>
File: SimulatedRobot.png Graphic file (type png)

<use SimulatedRobot.png>
Package pdftex.def Info: SimulatedRobot.png used on input line 1484.
(pdftex.def)             Requested size: 154.13797pt x 250.12134pt.
 [20 <./SimulatedRobot.png>] [21]
<DifferentialDriveSimulatedRobot.png, id=561, 393.72093pt x 866.48718pt>
File: DifferentialDriveSimulatedRobot.png Graphic file (type png)

<use DifferentialDriveSimulatedRobot.png>
Package pdftex.def Info: DifferentialDriveSimulatedRobot.png used on input line
 1692.
(pdftex.def)             Requested size: 295.28998pt x 649.86378pt.


LaTeX Warning: Float too large for page by 23.61377pt on input line 1693.


Underfull \hbox (badness 10000) in paragraph at lines 1781--1783
[]\T1/qtm/b/n/10 Po-lar2D_max_range \T1/qtm/m/n/10 : Ob-ject at-tribute con-tai
n-ing the max-i-mum Po-lar2D range
 []

[22] [23 <./DifferentialDriveSimulatedRobot.png>] [24]
<AUV4DOFSimulatedRobot.png, id=588, 331.99031pt x 1152.55594pt>
File: AUV4DOFSimulatedRobot.png Graphic file (type png)

<use AUV4DOFSimulatedRobot.png>
Package pdftex.def Info: AUV4DOFSimulatedRobot.png used on input line 1990.
(pdftex.def)             Requested size: 187.35704pt x 650.4567pt.


LaTeX Warning: Float too large for page by 24.18pt on input line 1991.

[25] [26 <./AUV4DOFSimulatedRobot.png>] [27]
Underfull \hbox (badness 10000) in paragraph at lines 2222--2225
\T1/qtm/m/n/10 zsk=[[r_0 theta_0 varphi_0],...,[r_i theta_i varphi_i],...[r_n t
heta_n varphi_n]],
 []

[28] <HF.png, id=629, 223.58531pt x 347.79938pt>
File: HF.png Graphic file (type png)
 <use HF.png>
Package pdftex.def Info: HF.png used on input line 2378.
(pdftex.def)             Requested size: 167.68855pt x 260.84889pt.
 [29 <./HF.png>]
[30] [31] <KF.png, id=663, 198.7425pt x 437.38406pt>
File: KF.png Graphic file (type png)
 <use KF.png>
Package pdftex.def Info: KF.png used on input line 2711.
(pdftex.def)             Requested size: 149.0565pt x 328.03723pt.
 [32 <./KF.png>] <EKF.png, id=671, 246.1697pt x 451.6875pt>
File: EKF.png Graphic file (type png)
 <use EKF.png>
Package pdftex.def Info: EKF.png used on input line 2859.
(pdftex.def)             Requested size: 184.6268pt x 338.76479pt.
 [33] [34 <./EKF.png>] [35] <Localization.png, id=696, 169.38281pt x 304.88907p
t>
File: Localization.png Graphic file (type png)

<use Localization.png>
Package pdftex.def Info: Localization.png used on input line 3116.
(pdftex.def)             Requested size: 127.03679pt x 228.66623pt.
 [36 <./Localization.png>]
<DR_4DOFAUV_DVLGyro.png, id=704, 330.48468pt x 523.20468pt>
File: DR_4DOFAUV_DVLGyro.png Graphic file (type png)

<use DR_4DOFAUV_DVLGyro.png>
Package pdftex.def Info: DR_4DOFAUV_DVLGyro.png used on input line 3295.
(pdftex.def)             Requested size: 247.8629pt x 392.40254pt.
 [37] [38 <./DR_4DOFAUV_DVLGyro.png>]
<DR_3DOFDifferentialDrive.png, id=725, 335.00156pt x 508.90125pt>
File: DR_3DOFDifferentialDrive.png Graphic file (type png)

<use DR_3DOFDifferentialDrive.png>
Package pdftex.def Info: DR_3DOFDifferentialDrive.png used on input line 3387.
(pdftex.def)             Requested size: 251.25055pt x 381.675pt.
 [39] [40 <./DR_3DOFDifferentialDrive.png>]
<GL.png, id=745, 223.58531pt x 609.02531pt>
File: GL.png Graphic file (type png)
 <use GL.png>
Package pdftex.def Info: GL.png used on input line 3494.
(pdftex.def)             Requested size: 167.68855pt x 456.76785pt.
 [41 <./GL.png>]
[42] <GL_4DOFAUV.png, id=763, 563.85657pt x 885.3075pt>
File: GL_4DOFAUV.png Graphic file (type png)
 <use GL_4DOFAUV.png>
Package pdftex.def Info: GL_4DOFAUV.png used on input line 3759.
(pdftex.def)             Requested size: 414.26183pt x 650.4703pt.

[43] [44 <./GL_4DOFAUV.png>] [45]
<GL_3DOFDifferentialDrive.png, id=793, 568.37344pt x 885.3075pt>
File: GL_3DOFDifferentialDrive.png Graphic file (type png)

<use GL_3DOFDifferentialDrive.png>
Package pdftex.def Info: GL_3DOFDifferentialDrive.png used on input line 4008.
(pdftex.def)             Requested size: 417.59769pt x 650.4703pt.
 [46] [47 <./GL_3DOFDifferentialDrive.png>]
[48] <GFLocalization.png, id=821, 377.91188pt x 694.84593pt>
File: GFLocalization.png Graphic file (type png)

<use GFLocalization.png>
Package pdftex.def Info: GFLocalization.png used on input line 4270.
(pdftex.def)             Requested size: 283.43321pt x 521.13316pt.
 [49] [50 <./GFLocalization.png>] [51]
<EKF_4DOFAUV_InputVelocityMM_DVLDepthYawOM.png, id=854, 794.2172pt x 999.735pt>
File: EKF_4DOFAUV_InputVelocityMM_DVLDepthYawOM.png Graphic file (type png)
<use EKF_4DOFAUV_InputVelocityMM_DVLDepthYawOM.png>
Package pdftex.def Info: EKF_4DOFAUV_InputVelocityMM_DVLDepthYawOM.png used on 
input line 4512.
(pdftex.def)             Requested size: 469.7596pt x 591.3335pt.

Overfull \hbox (30.5486pt too wide) in paragraph at lines 4519--4519
[]\T1/qtm/m/it/10 kSteps\T1/qtm/m/n/10 , 
 []


Overfull \hbox (26.9736pt too wide) in paragraph at lines 4519--4519
\T1/qtm/m/it/10 robot\T1/qtm/m/n/10 , 
 []


Overfull \hbox (30.62857pt too wide) in paragraph at lines 4519--4519
\T1/qtm/m/it/10 *args\T1/txtt/m/n/10 )|  
 []

[52] [53 <./EKF_4DOFAUV_InputVelocityMM_DVLDepthYawOM.png>] [54]
<EKF_4DOFAUV_CtVelocityMM_DVLDepthYawOM.png, id=890, 794.2172pt x 985.43156pt>
File: EKF_4DOFAUV_CtVelocityMM_DVLDepthYawOM.png Graphic file (type png)

<use EKF_4DOFAUV_CtVelocityMM_DVLDepthYawOM.png>
Package pdftex.def Info: EKF_4DOFAUV_CtVelocityMM_DVLDepthYawOM.png used on inp
ut line 4757.
(pdftex.def)             Requested size: 469.7596pt x 582.87317pt.
 [55] [56 <./EKF_4DOFAUV_CtVelocityMM_DVLDepthYawOM.png>]
<EKF_3DOFDifferentialDriveInputDisplacement.png, id=910, 799.48688pt x 956.8246
9pt>
File: EKF_3DOFDifferentialDriveInputDisplacement.png Graphic file (type png)
 <use EKF_3DOFDifferentialDriveInputDisplacement.png>
Package pdftex.def Info: EKF_3DOFDifferentialDriveInputDisplacement.png used on
 input line 4984.
(pdftex.def)             Requested size: 469.7535pt x 562.20029pt.

Overfull \hbox (41.04857pt too wide) in paragraph at lines 4991--4991
[]\T1/qtm/m/it/10 kSteps\T1/qtm/m/n/10 , 
 []


Overfull \hbox (37.47357pt too wide) in paragraph at lines 4991--4991
\T1/qtm/m/it/10 robot\T1/qtm/m/n/10 , 
 []


Overfull \hbox (41.12854pt too wide) in paragraph at lines 4991--4991
\T1/qtm/m/it/10 *args\T1/txtt/m/n/10 )|  
 []

[57] [58 <./EKF_3DOFDifferentialDriveInputDisplacement.png>] [59]
<EKF_3DOFDifferentialDriveCtVelocity.png, id=947, 799.48688pt x 971.12813pt>
File: EKF_3DOFDifferentialDriveCtVelocity.png Graphic file (type png)

<use EKF_3DOFDifferentialDriveCtVelocity.png>
Package pdftex.def Info: EKF_3DOFDifferentialDriveCtVelocity.png used on input 
line 5175.
(pdftex.def)             Requested size: 469.7535pt x 570.60454pt.
 [60] [61 <./EKF_3DOFDifferentialDriveCtVelocity.png>] <MapFeature.png, id=967,
 160.34906pt x 263.48438pt>
File: MapFeature.png Graphic file (type png)

<use MapFeature.png>
Package pdftex.def Info: MapFeature.png used on input line 5389.
(pdftex.def)             Requested size: 120.26149pt x 197.61278pt.
 [62] [63 <./MapFeature.png>] [64]
Overfull \hbox (47.00003pt too wide) detected at line 5678
[][]
 []

[65] [66] [67] <Cartesian2DMapFeature.png, id=1068, 228.10219pt x 369.63094pt>
File: Cartesian2DMapFeature.png Graphic file (type png)

<use Cartesian2DMapFeature.png>
Package pdftex.def Info: Cartesian2DMapFeature.png used on input line 5906.
(pdftex.def)             Requested size: 171.0762pt x 277.2225pt.
 [68 <./Cartesian2DMapFeature.png>]
<Cartesian2DStoredPolarObservedMapFeature.png, id=1080, 344.03531pt x 532.99126
pt>
File: Cartesian2DStoredPolarObservedMapFeature.png Graphic file (type png)
 <use Cartesian2DStoredPolarObservedMapFeature.png>
Package pdftex.def Info: Cartesian2DStoredPolarObservedMapFeature.png used on i
nput line 5953.
(pdftex.def)             Requested size: 258.02585pt x 399.74246pt.
 [69 <./Cartesian2DStoredPolarObservedMapFeature.png>]
<FEKFMBL.png, id=1103, 563.10374pt x 1371.62437pt>
File: FEKFMBL.png Graphic file (type png)
 <use FEKFMBL.png>
Package pdftex.def Info: FEKFMBL.png used on input line 6088.
(pdftex.def)             Requested size: 267.02167pt x 650.44003pt.

Underfull \hbox (badness 5260) in paragraph at lines 6100--6105
[]\T1/qtm/m/n/10 Fea-ture Ex-tended Kalman Fil-ter Map based Lo-cal-iza-tion cl
ass. In-her-its from [][]\T1/txtt/m/sl/10 GFLocalization.
 []

[70] [71 <./FEKFMBL.png>] [72] [73] [74]
Underfull \hbox (badness 5203) in paragraph at lines 6573--6576
\T1/qtm/m/n/10 Plots the robot tra-jec-tory and its un-cer-tainty el-lipse. Thi
s method is called by [][]\T1/txtt/m/sl/10 FEKFMBL.
 []


Underfull \hbox (badness 10000) in paragraph at lines 6585--6591
\T1/qtm/m/n/10 ser-va-tions ([][]\T1/txtt/m/sl/10 PlotFeatureObservationUncerta
inty()[][]\T1/qtm/m/n/10 ) and the ex-pected fea-ture ob-ser-va-tions
 []

[75]
<MBL_4DOFAUV_InputVelocityMM_2DCartesianFeatureOM.png, id=1181, 1291.82625pt x 
1518.4228pt>
File: MBL_4DOFAUV_InputVelocityMM_2DCartesianFeatureOM.png Graphic file (type p
ng)
 <use MBL_4DOFAUV_InputVelocityMM_2DCartesianFeatureOM.png>
Package pdftex.def Info: MBL_4DOFAUV_InputVelocityMM_2DCartesianFeatureOM.png u
sed on input line 6802.
(pdftex.def)             Requested size: 469.74847pt x 552.16925pt.

<MBL_3DOFDDInputDisplacementMM_2DCartesianFeatureOM.png, id=1182, 1224.07312pt 
x 1504.11937pt>
File: MBL_3DOFDDInputDisplacementMM_2DCartesianFeatureOM.png Graphic file (type
 png)
 <use MBL_3DOFDDInputDisplacementMM_2DCartesianFeatureOM.png>
Package pdftex.def Info: MBL_3DOFDDInputDisplacementMM_2DCartesianFeatureOM.png
 used on input line 6814.
(pdftex.def)             Requested size: 469.74738pt x 577.2402pt.

Overfull \hbox (125.1283pt too wide) in paragraph at lines 6821--6821
[]\T1/qtm/m/it/10 *args\T1/txtt/m/n/10 )|  
 []

[76] [77 <./MBL_4DOFAUV_InputVelocityMM_2DCartesianFeatureOM.png>] [78 <./MBL_3
DOFDDInputDisplacementMM_2DCartesianFeatureOM.png>]
File: MBL_3DOFDDInputDisplacementMM_2DCartesianFeatureOM.png Graphic file (type
 png)

<use MBL_3DOFDDInputDisplacementMM_2DCartesianFeatureOM.png>
Package pdftex.def Info: MBL_3DOFDDInputDisplacementMM_2DCartesianFeatureOM.png
 used on input line 6887.
(pdftex.def)             Requested size: 469.74738pt x 577.2402pt.

Overfull \hbox (125.1283pt too wide) in paragraph at lines 6894--6894
[]\T1/qtm/m/it/10 *args\T1/txtt/m/n/10 )|  
 []

[79] [80]
<MBL_3DOFDDInputDisplacementMM_2DPolarFeatureOM.png, id=1221, 1184.17406pt x 15
04.11937pt>
File: MBL_3DOFDDInputDisplacementMM_2DPolarFeatureOM.png Graphic file (type png
)
 <use MBL_3DOFDDInputDisplacementMM_2DPolarFeatureOM.png>
Package pdftex.def Info: MBL_3DOFDDInputDisplacementMM_2DPolarFeatureOM.png use
d on input line 6960.
(pdftex.def)             Requested size: 469.75833pt x 596.67969pt.

Overfull \hbox (83.12842pt too wide) in paragraph at lines 6967--6967
[]\T1/qtm/m/it/10 *args\T1/txtt/m/n/10 )|  
 []


<MBL_3DOFDDInputDisplacementMM_2DCartesianFeaturePolarObservedOM.png, id=1224, 
1329.46687pt x 1504.11937pt>
File: MBL_3DOFDDInputDisplacementMM_2DCartesianFeaturePolarObservedOM.png Graph
ic file (type png)

<use MBL_3DOFDDInputDisplacementMM_2DCartesianFeaturePolarObservedOM.png>
Package pdftex.def Info: MBL_3DOFDDInputDisplacementMM_2DCartesianFeaturePolarO
bservedOM.png used on input line 7033.
(pdftex.def)             Requested size: 469.76302pt x 531.47594pt.


Package tabulary Warning: No suitable columns! on input line 7058.

[81] [82 <./MBL_3DOFDDInputDisplacementMM_2DPolarFeatureOM.png>] [83 <./MBL_3DO
FDDInputDisplacementMM_2DCartesianFeaturePolarObservedOM.png>] [84

]
Chapter 2.
(./prpyprobabilisticrobotlocalizationpythonlibrary.ind [85] [86

]
Overfull \hbox (61.63234pt too wide) in paragraph at lines 8--10
[]\T1/txtt/m/n/10 _PlotSample() \T1/qtm/m/n/10 (\T1/qtm/m/it/10 AUV4DOFSimulate
dRobot.AUV4DOFSimulatedRobot
 []


Underfull \hbox (badness 10000) in paragraph at lines 10--11
[]\T1/txtt/m/n/10 _PlotSample() \T1/qtm/m/n/10 (\T1/qtm/m/it/10 Sim-u-lat-e-dRo
bot.SimulatedRobot
 []


Overfull \hbox (45.88239pt too wide) in paragraph at lines 11--13
[]\T1/txtt/m/n/10 __init__() \T1/qtm/m/n/10 (\T1/qtm/m/it/10 AUV4DOFSimulatedRo
bot.AUV4DOFSimulatedRobot
 []


Overfull \hbox (55.10226pt too wide) in paragraph at lines 13--15
[]\T1/txtt/m/n/10 __init__() \T1/qtm/m/n/10 (\T1/qtm/m/it/10 DR_3DOFDifferentia
lDrive.DR_3DOFDifferentialDrive
 []


Overfull \hbox (42.04236pt too wide) in paragraph at lines 15--17
[]\T1/txtt/m/n/10 __init__() \T1/qtm/m/n/10 (\T1/qtm/m/it/10 DR_4DOFAUV_DVLGyro
.DR_4DOFAUV_DVLGyro
 []


Underfull \hbox (badness 10000) in paragraph at lines 17--19
[]\T1/txtt/m/n/10 __init__() \T1/qtm/m/n/10 (\T1/qtm/m/it/10 Dif-fer-en-tialDri
veS-im-u-lat-e-
 []


Underfull \hbox (badness 10000) in paragraph at lines 17--19
\T1/qtm/m/it/10 dRobot.DifferentialDriveSimulatedRobot
 []


Overfull \hbox (148.91226pt too wide) in paragraph at lines 20--22
[]\T1/txtt/m/n/10 __init__() \T1/qtm/m/n/10 (\T1/qtm/m/it/10 EKF_3DOFDifferenti
alDriveCtVelocity.EKF_3DOFDifferentialDriveCtVelocity
 []


Overfull \hbox (218.42227pt too wide) in paragraph at lines 22--24
[]\T1/txtt/m/n/10 __init__() \T1/qtm/m/n/10 (\T1/qtm/m/it/10 EKF_3DOFDifferenti
alDriveInputDisplacement.EKF_3DOFDifferentialDriveInputDisplacement
 []


Overfull \hbox (251.16238pt too wide) in paragraph at lines 24--26
[]\T1/txtt/m/n/10 __init__() \T1/qtm/m/n/10 (\T1/qtm/m/it/10 EKF_4DOFAUV_CtVelo
cityMM_DVLDepthYawOM.EKF_4DOFAUV_CtVelocityMM_DVLDepthYawOM
 []


Overfull \hbox (274.48239pt too wide) in paragraph at lines 26--28
[]\T1/txtt/m/n/10 __init__() \T1/qtm/m/n/10 (\T1/qtm/m/it/10 EKF_4DOFAUV_InputV
elocityMM_DVLDepthYawOM.EKF_4DOFAUV_InputVelocityMM_DVLDepthYawOM
 []


Overfull \hbox (54.00226pt too wide) in paragraph at lines 32--34
[]\T1/txtt/m/n/10 __init__() \T1/qtm/m/n/10 (\T1/qtm/m/it/10 GL_3DOFDifferentia
lDrive.GL_3DOFDifferentialDrive
 []


Overfull \hbox (351.08234pt too wide) in paragraph at lines 39--41
[]\T1/txtt/m/n/10 __init__() \T1/qtm/m/n/10 (\T1/qtm/m/it/10 MBL_3DOFDDInputDis
placementMM_2DCartesianFeatureOM.MBL_3DOFDDInputDisplacementMM_2DCartesianFeatu
reOM
 []


Overfull \hbox (316.44235pt too wide) in paragraph at lines 41--43
[]\T1/txtt/m/n/10 __init__() \T1/qtm/m/n/10 (\T1/qtm/m/it/10 MBL_3DOFDDInputDis
placementMM_2DPolarFeatureOM.MBL_3DOFDDInputDisplacementMM_2DPolarFeatureOM
 []


Underfull \hbox (badness 10000) in paragraph at lines 50--51
[]\T1/txtt/m/n/10 AUV4DOFSimulatedRobot \T1/qtm/m/n/10 (\T1/qtm/m/it/10 class i
n
 []


Underfull \hbox (badness 10000) in paragraph at lines 64--66
[]\T1/txtt/m/n/10 Cartesian2DStoredPolarObservedMapFeature
 []


Underfull \hbox (badness 10000) in paragraph at lines 73--75
[]\T1/txtt/m/n/10 DR_3DOFDifferentialDrive \T1/qtm/m/n/10 (\T1/qtm/m/it/10 clas
s in
 []


Underfull \hbox (badness 10000) in paragraph at lines 75--76
[]\T1/txtt/m/n/10 DR_4DOFAUV_DVLGyro \T1/qtm/m/n/10 (\T1/qtm/m/it/10 class in
 []


Overfull \hbox (3.8825pt too wide) in paragraph at lines 76--78
[]\T1/txtt/m/n/10 dt \T1/qtm/m/n/10 (\T1/qtm/m/it/10 AUV4DOFSimulatedRobot.AUV4
DOFSimulatedRobot
 []


Underfull \hbox (badness 6428) in paragraph at lines 83--85
[]\T1/txtt/m/n/10 EKF_3DOFDifferentialDriveCtVelocity \T1/qtm/m/n/10 (\T1/qtm/m
/it/10 class in
 []


Underfull \hbox (badness 10000) in paragraph at lines 85--87
[]\T1/txtt/m/n/10 EKF_3DOFDifferentialDriveInputDisplacement
 []


Overfull \hbox (45.01245pt too wide) in paragraph at lines 85--87
\T1/qtm/m/n/10 (\T1/qtm/m/it/10 class in EKF_3DOFDifferentialDriveInputDisplace
ment\T1/qtm/m/n/10 ),
 []


Overfull \hbox (36.6025pt too wide) in paragraph at lines 87--89
\T1/qtm/m/it/10 in EKF_4DOFAUV_CtVelocityMM_DVLDepthYawOM\T1/qtm/m/n/10 ),
 []

[87

]
Underfull \hbox (badness 10000) in paragraph at lines 89--91
[]\T1/txtt/m/n/10 EKF_4DOFAUV_InputVelocityMM_DVLDepthYawOM
 []


Overfull \hbox (73.2625pt too wide) in paragraph at lines 89--91
\T1/qtm/m/n/10 (\T1/qtm/m/it/10 class in EKF_4DOFAUV_InputVelocityMM_DVLDepthYa
wOM\T1/qtm/m/n/10 ),
 []


Overfull \hbox (112.16237pt too wide) in paragraph at lines 96--98
[]\T1/txtt/m/n/10 f() \T1/qtm/m/n/10 (\T1/qtm/m/it/10 EKF_3DOFDifferentialDrive
CtVelocity.EKF_3DOFDifferentialDriveCtVelocity
 []


Overfull \hbox (181.67238pt too wide) in paragraph at lines 98--100
[]\T1/txtt/m/n/10 f() \T1/qtm/m/n/10 (\T1/qtm/m/it/10 EKF_3DOFDifferentialDrive
InputDisplacement.EKF_3DOFDifferentialDriveInputDisplacement
 []


Overfull \hbox (214.41249pt too wide) in paragraph at lines 100--102
[]\T1/txtt/m/n/10 f() \T1/qtm/m/n/10 (\T1/qtm/m/it/10 EKF_4DOFAUV_CtVelocityMM_
DVLDepthYawOM.EKF_4DOFAUV_CtVelocityMM_DVLDepthYawOM
 []


Overfull \hbox (237.7325pt too wide) in paragraph at lines 102--104
[]\T1/txtt/m/n/10 f() \T1/qtm/m/n/10 (\T1/qtm/m/it/10 EKF_4DOFAUV_InputVelocity
MM_DVLDepthYawOM.EKF_4DOFAUV_InputVelocityMM_DVLDepthYawOM
 []


Underfull \hbox (badness 10000) in paragraph at lines 105--106
[]\T1/txtt/m/n/10 FeatureObservation() \T1/qtm/m/n/10 (\T1/qtm/m/it/10 FEKFMBL.
FEKFMBL
 []


Underfull \hbox (badness 10000) in paragraph at lines 106--107
[]\T1/txtt/m/n/10 FeatureObservationCovariance()
 []


Underfull \hbox (badness 10000) in paragraph at lines 107--108
[]\T1/txtt/m/n/10 FeatureStoredInCartesian() \T1/qtm/m/n/10 (\T1/qtm/m/it/10 Fe
a-ture.Feature
 []


Overfull \hbox (14.38248pt too wide) in paragraph at lines 109--111
[]\T1/txtt/m/n/10 fs() \T1/qtm/m/n/10 (\T1/qtm/m/it/10 AUV4DOFSimulatedRobot.AU
V4DOFSimulatedRobot
 []


Underfull \hbox (badness 10000) in paragraph at lines 111--113
[]\T1/txtt/m/n/10 fs() \T1/qtm/m/n/10 (\T1/qtm/m/it/10 Dif-fer-en-tialDriveS-im
-u-lat-e-
 []


Underfull \hbox (badness 10000) in paragraph at lines 111--113
\T1/qtm/m/it/10 dRobot.DifferentialDriveSimulatedRobot
 []


Underfull \hbox (badness 10000) in paragraph at lines 119--121
[]\T1/txtt/m/n/10 GetFeatures() \T1/qtm/m/n/10 (\T1/qtm/m/it/10 MapFea-
 []


Overfull \hbox (14.90244pt too wide) in paragraph at lines 119--121
\T1/qtm/m/it/10 ture.Cartesian2DStoredPolarObservedMapFeature
 []


Overfull \hbox (55.10226pt too wide) in paragraph at lines 122--124
[]\T1/txtt/m/n/10 GetInput() \T1/qtm/m/n/10 (\T1/qtm/m/it/10 DR_3DOFDifferentia
lDrive.DR_3DOFDifferentialDrive
 []


Overfull \hbox (42.04236pt too wide) in paragraph at lines 124--126
[]\T1/txtt/m/n/10 GetInput() \T1/qtm/m/n/10 (\T1/qtm/m/it/10 DR_4DOFAUV_DVLGyro
.DR_4DOFAUV_DVLGyro
 []


Overfull \hbox (148.91226pt too wide) in paragraph at lines 126--128
[]\T1/txtt/m/n/10 GetInput() \T1/qtm/m/n/10 (\T1/qtm/m/it/10 EKF_3DOFDifferenti
alDriveCtVelocity.EKF_3DOFDifferentialDriveCtVelocity
 []


Overfull \hbox (218.42227pt too wide) in paragraph at lines 128--130
[]\T1/txtt/m/n/10 GetInput() \T1/qtm/m/n/10 (\T1/qtm/m/it/10 EKF_3DOFDifferenti
alDriveInputDisplacement.EKF_3DOFDifferentialDriveInputDisplacement
 []


Overfull \hbox (251.16238pt too wide) in paragraph at lines 130--132
[]\T1/txtt/m/n/10 GetInput() \T1/qtm/m/n/10 (\T1/qtm/m/it/10 EKF_4DOFAUV_CtVelo
cityMM_DVLDepthYawOM.EKF_4DOFAUV_CtVelocityMM_DVLDepthYawOM
 []


Overfull \hbox (274.48239pt too wide) in paragraph at lines 132--134
[]\T1/txtt/m/n/10 GetInput() \T1/qtm/m/n/10 (\T1/qtm/m/it/10 EKF_4DOFAUV_InputV
elocityMM_DVLDepthYawOM.EKF_4DOFAUV_InputVelocityMM_DVLDepthYawOM
 []


Overfull \hbox (54.00226pt too wide) in paragraph at lines 136--138
[]\T1/txtt/m/n/10 GetInput() \T1/qtm/m/n/10 (\T1/qtm/m/it/10 GL_3DOFDifferentia
lDrive.GL_3DOFDifferentialDrive
 []


Overfull \hbox (185.66216pt too wide) in paragraph at lines 140--142
[]\T1/txtt/m/n/10 GetMeasurements() \T1/qtm/m/n/10 (\T1/qtm/m/it/10 EKF_3DOFDif
ferentialDriveCtVelocity.EKF_3DOFDifferentialDriveCtVelocity
 []


Overfull \hbox (255.17216pt too wide) in paragraph at lines 142--144
[]\T1/txtt/m/n/10 GetMeasurements() \T1/qtm/m/n/10 (\T1/qtm/m/it/10 EKF_3DOFDif
ferentialDriveInputDisplacement.EKF_3DOFDifferentialDriveInputDisplacement
 []


Overfull \hbox (287.91228pt too wide) in paragraph at lines 144--146
[]\T1/txtt/m/n/10 GetMeasurements() \T1/qtm/m/n/10 (\T1/qtm/m/it/10 EKF_4DOFAUV
_CtVelocityMM_DVLDepthYawOM.EKF_4DOFAUV_CtVelocityMM_DVLDepthYawOM
 []


Overfull \hbox (311.23228pt too wide) in paragraph at lines 146--148
[]\T1/txtt/m/n/10 GetMeasurements() \T1/qtm/m/n/10 (\T1/qtm/m/it/10 EKF_4DOFAUV
_InputVelocityMM_DVLDepthYawOM.EKF_4DOFAUV_InputVelocityMM_DVLDepthYawOM
 []


Underfull \hbox (badness 10000) in paragraph at lines 148--149
[]\T1/txtt/m/n/10 GetMeasurements() \T1/qtm/m/n/10 (\T1/qtm/m/it/10 GFLo-cal-iz
a-tion.GFLocalization
 []


Overfull \hbox (90.75215pt too wide) in paragraph at lines 150--152
[]\T1/txtt/m/n/10 GetMeasurements() \T1/qtm/m/n/10 (\T1/qtm/m/it/10 GL_3DOFDiff
erentialDrive.GL_3DOFDifferentialDrive
 []


Underfull \hbox (badness 10000) in paragraph at lines 152--153
[]\T1/txtt/m/n/10 GetMeasurements() \T1/qtm/m/n/10 (\T1/qtm/m/it/10 GL_4DOFAUV.
GL_4DOFAUV
 []


Underfull \hbox (badness 10000) in paragraph at lines 154--155
[]\T1/txtt/m/n/10 GetRobotPoseCovariance() \T1/qtm/m/n/10 (\T1/qtm/m/it/10 FEKF
MBL.FEKFMBL
 []


Underfull \hbox (badness 10000) in paragraph at lines 159--161
[]\T1/txtt/m/n/10 GL_3DOFDifferentialDrive \T1/qtm/m/n/10 (\T1/qtm/m/it/10 clas
s in
 []


Overfull \hbox (117.41235pt too wide) in paragraph at lines 174--176
[]\T1/txtt/m/n/10 hm() \T1/qtm/m/n/10 (\T1/qtm/m/it/10 EKF_3DOFDifferentialDriv
eCtVelocity.EKF_3DOFDifferentialDriveCtVelocity
 []


Overfull \hbox (186.92236pt too wide) in paragraph at lines 176--178
[]\T1/txtt/m/n/10 hm() \T1/qtm/m/n/10 (\T1/qtm/m/it/10 EKF_3DOFDifferentialDriv
eInputDisplacement.EKF_3DOFDifferentialDriveInputDisplacement
 []


Overfull \hbox (219.66248pt too wide) in paragraph at lines 178--180
[]\T1/txtt/m/n/10 hm() \T1/qtm/m/n/10 (\T1/qtm/m/it/10 EKF_4DOFAUV_CtVelocityMM
_DVLDepthYawOM.EKF_4DOFAUV_CtVelocityMM_DVLDepthYawOM
 []


Overfull \hbox (242.98248pt too wide) in paragraph at lines 180--182
[]\T1/txtt/m/n/10 hm() \T1/qtm/m/n/10 (\T1/qtm/m/it/10 EKF_4DOFAUV_InputVelocit
yMM_DVLDepthYawOM.EKF_4DOFAUV_InputVelocityMM_DVLDepthYawOM
 []

[88]
Overfull \hbox (49.73233pt too wide) in paragraph at lines 209--211
[]\T1/txtt/m/n/10 J_o2s() \T1/qtm/m/n/10 (\T1/qtm/m/it/10 MapFea-ture.Cartesian
2DStoredPolarObservedMapFeature
 []


Overfull \hbox (49.73233pt too wide) in paragraph at lines 217--219
[]\T1/txtt/m/n/10 J_s2o() \T1/qtm/m/n/10 (\T1/qtm/m/it/10 MapFea-ture.Cartesian
2DStoredPolarObservedMapFeature
 []


Overfull \hbox (122.66234pt too wide) in paragraph at lines 222--224
[]\T1/txtt/m/n/10 Jfw() \T1/qtm/m/n/10 (\T1/qtm/m/it/10 EKF_3DOFDifferentialDri
veCtVelocity.EKF_3DOFDifferentialDriveCtVelocity
 []


Overfull \hbox (192.17235pt too wide) in paragraph at lines 224--226
[]\T1/txtt/m/n/10 Jfw() \T1/qtm/m/n/10 (\T1/qtm/m/it/10 EKF_3DOFDifferentialDri
veInputDisplacement.EKF_3DOFDifferentialDriveInputDisplacement
 []


Overfull \hbox (224.91246pt too wide) in paragraph at lines 226--228
[]\T1/txtt/m/n/10 Jfw() \T1/qtm/m/n/10 (\T1/qtm/m/it/10 EKF_4DOFAUV_CtVelocityM
M_DVLDepthYawOM.EKF_4DOFAUV_CtVelocityMM_DVLDepthYawOM
 []


Overfull \hbox (248.23247pt too wide) in paragraph at lines 228--230
[]\T1/txtt/m/n/10 Jfw() \T1/qtm/m/n/10 (\T1/qtm/m/it/10 EKF_4DOFAUV_InputVeloci
tyMM_DVLDepthYawOM.EKF_4DOFAUV_InputVelocityMM_DVLDepthYawOM
 []


Overfull \hbox (122.66234pt too wide) in paragraph at lines 231--233
[]\T1/txtt/m/n/10 Jfx() \T1/qtm/m/n/10 (\T1/qtm/m/it/10 EKF_3DOFDifferentialDri
veCtVelocity.EKF_3DOFDifferentialDriveCtVelocity
 []


Overfull \hbox (192.17235pt too wide) in paragraph at lines 233--235
[]\T1/txtt/m/n/10 Jfx() \T1/qtm/m/n/10 (\T1/qtm/m/it/10 EKF_3DOFDifferentialDri
veInputDisplacement.EKF_3DOFDifferentialDriveInputDisplacement
 []


Overfull \hbox (224.91246pt too wide) in paragraph at lines 235--237
[]\T1/txtt/m/n/10 Jfx() \T1/qtm/m/n/10 (\T1/qtm/m/it/10 EKF_4DOFAUV_CtVelocityM
M_DVLDepthYawOM.EKF_4DOFAUV_CtVelocityMM_DVLDepthYawOM
 []


Overfull \hbox (248.23247pt too wide) in paragraph at lines 237--239
[]\T1/txtt/m/n/10 Jfx() \T1/qtm/m/n/10 (\T1/qtm/m/it/10 EKF_4DOFAUV_InputVeloci
tyMM_DVLDepthYawOM.EKF_4DOFAUV_InputVelocityMM_DVLDepthYawOM
 []


Overfull \hbox (230.16245pt too wide) in paragraph at lines 244--246
[]\T1/txtt/m/n/10 Jhmv() \T1/qtm/m/n/10 (\T1/qtm/m/it/10 EKF_4DOFAUV_CtVelocity
MM_DVLDepthYawOM.EKF_4DOFAUV_CtVelocityMM_DVLDepthYawOM
 []


Overfull \hbox (253.48245pt too wide) in paragraph at lines 246--248
[]\T1/txtt/m/n/10 Jhmv() \T1/qtm/m/n/10 (\T1/qtm/m/it/10 EKF_4DOFAUV_InputVeloc
ityMM_DVLDepthYawOM.EKF_4DOFAUV_InputVelocityMM_DVLDepthYawOM
 []


Overfull \hbox (230.16245pt too wide) in paragraph at lines 248--250
[]\T1/txtt/m/n/10 Jhmx() \T1/qtm/m/n/10 (\T1/qtm/m/it/10 EKF_4DOFAUV_CtVelocity
MM_DVLDepthYawOM.EKF_4DOFAUV_CtVelocityMM_DVLDepthYawOM
 []


Overfull \hbox (253.48245pt too wide) in paragraph at lines 250--252
[]\T1/txtt/m/n/10 Jhmx() \T1/qtm/m/n/10 (\T1/qtm/m/it/10 EKF_4DOFAUV_InputVeloc
ityMM_DVLDepthYawOM.EKF_4DOFAUV_InputVelocityMM_DVLDepthYawOM
 []


Underfull \hbox (badness 10000) in paragraph at lines 263--264
[]\T1/txtt/m/n/10 LocalizationLoop() \T1/qtm/m/n/10 (\T1/qtm/m/it/10 Lo-cal-iza
-tion.Localization
 []


Overfull \hbox (55.10226pt too wide) in paragraph at lines 264--266
[]\T1/txtt/m/n/10 Localize() \T1/qtm/m/n/10 (\T1/qtm/m/it/10 DR_3DOFDifferentia
lDrive.DR_3DOFDifferentialDrive
 []


Overfull \hbox (42.04236pt too wide) in paragraph at lines 266--268
[]\T1/txtt/m/n/10 Localize() \T1/qtm/m/n/10 (\T1/qtm/m/it/10 DR_4DOFAUV_DVLGyro
.DR_4DOFAUV_DVLGyro
 []


Overfull \hbox (32.62173pt too wide) in paragraph at lines 278--280
[]\T1/txtt/m/n/10 MBL_3DOFDDInputDisplacementMM_2DCartesianFeatureOM
 []


Overfull \hbox (111.56247pt too wide) in paragraph at lines 278--280
\T1/qtm/m/n/10 (\T1/qtm/m/it/10 class in MBL_3DOFDDInputDisplacementMM_2DCartes
ianFeatureOM\T1/qtm/m/n/10 ),
 []


Overfull \hbox (11.6218pt too wide) in paragraph at lines 280--282
[]\T1/txtt/m/n/10 MBL_3DOFDDInputDisplacementMM_2DPolarFeatureOM
 []


Overfull \hbox (94.24248pt too wide) in paragraph at lines 280--282
\T1/qtm/m/n/10 (\T1/qtm/m/it/10 class in MBL_3DOFDDInputDisplacementMM_2DPolarF
eatureOM\T1/qtm/m/n/10 ),
 []


Underfull \hbox (badness 10000) in paragraph at lines 283--285
[]\T1/txtt/m/n/10 MeasurementProbability()
 []


Overfull \hbox (39.83241pt too wide) in paragraph at lines 283--285
\T1/qtm/m/n/10 (\T1/qtm/m/it/10 GL_3DOFDifferentialDrive.GL_3DOFDifferentialDri
ve
 []


Underfull \hbox (badness 10000) in paragraph at lines 285--287
[]\T1/txtt/m/n/10 MeasurementProbability()
 []


Underfull \hbox (badness 10000) in paragraph at lines 285--287
\T1/qtm/m/n/10 (\T1/qtm/m/it/10 GL_4DOFAUV.GL_4DOFAUV method\T1/qtm/m/n/10 ),
 []


Overfull \hbox (39.23236pt too wide) in paragraph at lines 291--293
[]\T1/txtt/m/n/10 o2s() \T1/qtm/m/n/10 (\T1/qtm/m/it/10 MapFea-ture.Cartesian2D
StoredPolarObservedMapFeature
 []

[89]
Underfull \hbox (badness 10000) in paragraph at lines 304--305
[]\T1/txtt/m/n/10 PairedAndNonPairedFeatures()
 []


Overfull \hbox (6.37181pt too wide) in paragraph at lines 306--308
[]\T1/txtt/m/n/10 PlotExpectedFeaturesObservationsUncertainty()
 []


Underfull \hbox (badness 10000) in paragraph at lines 308--310
[]\T1/txtt/m/n/10 PlotFeatureObservationUncertainty()
 []


Overfull \hbox (51.13237pt too wide) in paragraph at lines 310--312
[]\T1/txtt/m/n/10 PlotRobot() \T1/qtm/m/n/10 (\T1/qtm/m/it/10 AUV4DOFSimulatedR
obot.AUV4DOFSimulatedRobot
 []


Underfull \hbox (badness 10000) in paragraph at lines 312--314
[]\T1/txtt/m/n/10 PlotRobot() \T1/qtm/m/n/10 (\T1/qtm/m/it/10 Dif-fer-en-tialDr
iveS-im-u-lat-e-
 []


Underfull \hbox (badness 10000) in paragraph at lines 312--314
\T1/qtm/m/it/10 dRobot.DifferentialDriveSimulatedRobot
 []


Underfull \hbox (badness 10000) in paragraph at lines 315--316
[]\T1/txtt/m/n/10 PlotRobotUncertainty() \T1/qtm/m/n/10 (\T1/qtm/m/it/10 FEKFMB
L.FEKFMBL
 []


Underfull \hbox (badness 10000) in paragraph at lines 316--318
[]\T1/txtt/m/n/10 PlotRobotUncertainty() \T1/qtm/m/n/10 (\T1/qtm/m/it/10 GFLo-c
al-iza-
 []


Underfull \hbox (badness 10000) in paragraph at lines 319--320
[]\T1/txtt/m/n/10 PlotSampleObservationSpace()
 []


Underfull \hbox (badness 10000) in paragraph at lines 323--324
[]\T1/txtt/m/n/10 PlotUncertainty() \T1/qtm/m/n/10 (\T1/qtm/m/it/10 GFLo-cal-iz
a-tion.GFLocalization
 []


Underfull \hbox (badness 10000) in paragraph at lines 336--338
[]\T1/txtt/m/n/10 ReadCartesian2DFeature()
 []


Overfull \hbox (31.71254pt too wide) in paragraph at lines 336--338
\T1/qtm/m/n/10 (\T1/qtm/m/it/10 AUV4DOFSimulatedRobot.AUV4DOFSimulatedRobot
 []


Underfull \hbox (badness 10000) in paragraph at lines 338--340
[]\T1/txtt/m/n/10 ReadCartesian2DFeature() \T1/qtm/m/n/10 (\T1/qtm/m/it/10 Dif-
fer-en-tialDriveS-im-
 []


Underfull \hbox (badness 10000) in paragraph at lines 338--340
\T1/qtm/m/it/10 u-lat-e-dRobot.DifferentialDriveSimulatedRobot
 []


Underfull \hbox (badness 10000) in paragraph at lines 340--342
[]\T1/txtt/m/n/10 ReadCartesian3DFeature()
 []


Overfull \hbox (31.71254pt too wide) in paragraph at lines 340--342
\T1/qtm/m/n/10 (\T1/qtm/m/it/10 AUV4DOFSimulatedRobot.AUV4DOFSimulatedRobot
 []


Overfull \hbox (61.63234pt too wide) in paragraph at lines 342--344
[]\T1/txtt/m/n/10 ReadCompass() \T1/qtm/m/n/10 (\T1/qtm/m/it/10 AUV4DOFSimulate
dRobot.AUV4DOFSimulatedRobot
 []


Underfull \hbox (badness 10000) in paragraph at lines 344--346
[]\T1/txtt/m/n/10 ReadCompass() \T1/qtm/m/n/10 (\T1/qtm/m/it/10 Dif-fer-en-tial
DriveS-im-u-lat-e-
 []


Underfull \hbox (badness 10000) in paragraph at lines 344--346
\T1/qtm/m/it/10 dRobot.DifferentialDriveSimulatedRobot
 []


Overfull \hbox (51.13237pt too wide) in paragraph at lines 346--348
[]\T1/txtt/m/n/10 ReadDepth() \T1/qtm/m/n/10 (\T1/qtm/m/it/10 AUV4DOFSimulatedR
obot.AUV4DOFSimulatedRobot
 []


Overfull \hbox (40.6324pt too wide) in paragraph at lines 348--350
[]\T1/txtt/m/n/10 ReadDVL() \T1/qtm/m/n/10 (\T1/qtm/m/it/10 AUV4DOFSimulatedRob
ot.AUV4DOFSimulatedRobot
 []


Underfull \hbox (badness 10000) in paragraph at lines 350--352
[]\T1/txtt/m/n/10 ReadEncoders() \T1/qtm/m/n/10 (\T1/qtm/m/it/10 Dif-fer-en-tia
lDriveS-im-u-lat-e-
 []


Underfull \hbox (badness 10000) in paragraph at lines 350--352
\T1/qtm/m/it/10 dRobot.DifferentialDriveSimulatedRobot
 []


Overfull \hbox (45.88239pt too wide) in paragraph at lines 352--354
[]\T1/txtt/m/n/10 ReadGyro() \T1/qtm/m/n/10 (\T1/qtm/m/it/10 AUV4DOFSimulatedRo
bot.AUV4DOFSimulatedRobot
 []


Underfull \hbox (badness 10000) in paragraph at lines 354--356
[]\T1/txtt/m/n/10 ReadPolar2DFeature()
 []


Overfull \hbox (31.71254pt too wide) in paragraph at lines 354--356
\T1/qtm/m/n/10 (\T1/qtm/m/it/10 AUV4DOFSimulatedRobot.AUV4DOFSimulatedRobot
 []


Underfull \hbox (badness 10000) in paragraph at lines 356--358
[]\T1/txtt/m/n/10 ReadPolar2DFeature() \T1/qtm/m/n/10 (\T1/qtm/m/it/10 Dif-fer-
en-tialDriveS-im-u-lat-
 []


Underfull \hbox (badness 10000) in paragraph at lines 356--358
\T1/qtm/m/it/10 e-dRobot.DifferentialDriveSimulatedRobot
 []


Overfull \hbox (56.38235pt too wide) in paragraph at lines 358--360
[]\T1/txtt/m/n/10 ReadRanges() \T1/qtm/m/n/10 (\T1/qtm/m/it/10 AUV4DOFSimulated
Robot.AUV4DOFSimulatedRobot
 []


Underfull \hbox (badness 10000) in paragraph at lines 360--362
[]\T1/txtt/m/n/10 ReadRanges() \T1/qtm/m/n/10 (\T1/qtm/m/it/10 Dif-fer-en-tialD
riveS-im-u-lat-e-
 []


Underfull \hbox (badness 10000) in paragraph at lines 360--362
\T1/qtm/m/it/10 dRobot.DifferentialDriveSimulatedRobot
 []


Underfull \hbox (badness 10000) in paragraph at lines 362--364
[]\T1/txtt/m/n/10 ReadSpherical3DFeature()
 []


Overfull \hbox (31.71254pt too wide) in paragraph at lines 362--364
\T1/qtm/m/n/10 (\T1/qtm/m/it/10 AUV4DOFSimulatedRobot.AUV4DOFSimulatedRobot
 []


Overfull \hbox (45.88239pt too wide) in paragraph at lines 364--366
[]\T1/txtt/m/n/10 ReadUSBL() \T1/qtm/m/n/10 (\T1/qtm/m/it/10 AUV4DOFSimulatedRo
bot.AUV4DOFSimulatedRobot
 []


Overfull \hbox (39.23236pt too wide) in paragraph at lines 370--372
[]\T1/txtt/m/n/10 s2o() \T1/qtm/m/n/10 (\T1/qtm/m/it/10 MapFea-ture.Cartesian2D
StoredPolarObservedMapFeature
 []


Overfull \hbox (35.38242pt too wide) in paragraph at lines 373--375
[]\T1/txtt/m/n/10 SetMap() \T1/qtm/m/n/10 (\T1/qtm/m/it/10 AUV4DOFSimulatedRobo
t.AUV4DOFSimulatedRobot
 []


Underfull \hbox (badness 10000) in paragraph at lines 377--378
[]\T1/txtt/m/n/10 SetRobotPoseCovariance() \T1/qtm/m/n/10 (\T1/qtm/m/it/10 FEKF
MBL.FEKFMBL
 []

[90]
Underfull \hbox (badness 10000) in paragraph at lines 381--382
[]\T1/txtt/m/n/10 SquaredMahalanobisDistance()
 []


Underfull \hbox (badness 10000) in paragraph at lines 382--383
[]\T1/txtt/m/n/10 StackMeasurementsAndFeatures()
 []


Underfull \hbox (badness 10000) in paragraph at lines 384--386
[]\T1/txtt/m/n/10 StateTransitionProbability()
 []


Overfull \hbox (39.83241pt too wide) in paragraph at lines 384--386
\T1/qtm/m/n/10 (\T1/qtm/m/it/10 GL_3DOFDifferentialDrive.GL_3DOFDifferentialDri
ve
 []


Underfull \hbox (badness 10000) in paragraph at lines 386--388
[]\T1/txtt/m/n/10 StateTransitionProbability()
 []


Underfull \hbox (badness 10000) in paragraph at lines 386--388
\T1/qtm/m/n/10 (\T1/qtm/m/it/10 GL_4DOFAUV.GL_4DOFAUV method\T1/qtm/m/n/10 ),
 []


Underfull \hbox (badness 10000) in paragraph at lines 389--390
[]\T1/txtt/m/n/10 StateTransitionProbability_4_uk() \T1/qtm/m/n/10 (\T1/qtm/m/i
t/10 GL.GL
 []


Underfull \hbox (badness 10000) in paragraph at lines 390--392
[]\T1/txtt/m/n/10 StateTransitionProbability_4_uk()
 []


Overfull \hbox (39.83241pt too wide) in paragraph at lines 390--392
\T1/qtm/m/n/10 (\T1/qtm/m/it/10 GL_3DOFDifferentialDrive.GL_3DOFDifferentialDri
ve
 []


Underfull \hbox (badness 10000) in paragraph at lines 392--394
[]\T1/txtt/m/n/10 StateTransitionProbability_4_uk()
 []


Underfull \hbox (badness 10000) in paragraph at lines 392--394
\T1/qtm/m/n/10 (\T1/qtm/m/it/10 GL_4DOFAUV.GL_4DOFAUV method\T1/qtm/m/n/10 ),
 []


Underfull \hbox (badness 10000) in paragraph at lines 394--395
[]\T1/txtt/m/n/10 StateTransitionProbability_4_uk() \T1/qtm/m/n/10 (\T1/qtm/m/i
t/10 HF.HF
 []


Underfull \hbox (badness 10000) in paragraph at lines 395--397
[]\T1/txtt/m/n/10 StateTransitionProbability_4_xk_1_uk()
 []


Overfull \hbox (39.83241pt too wide) in paragraph at lines 395--397
\T1/qtm/m/n/10 (\T1/qtm/m/it/10 GL_3DOFDifferentialDrive.GL_3DOFDifferentialDri
ve
 []


Underfull \hbox (badness 10000) in paragraph at lines 397--399
[]\T1/txtt/m/n/10 StateTransitionProbability_4_xk_1_uk()
 []


Underfull \hbox (badness 10000) in paragraph at lines 397--399
\T1/qtm/m/n/10 (\T1/qtm/m/it/10 GL_4DOFAUV.GL_4DOFAUV method\T1/qtm/m/n/10 ),
 []


Overfull \hbox (48.75227pt too wide) in paragraph at lines 410--412
[]\T1/txtt/m/n/10 uk2cell() \T1/qtm/m/n/10 (\T1/qtm/m/it/10 GL_3DOFDifferential
Drive.GL_3DOFDifferentialDrive
 []

[91

])
Package atveryend Info: Empty hook `BeforeClearDocument' on input line 7083.
Package atveryend Info: Empty hook `AfterLastShipout' on input line 7083.
 (./prpyprobabilisticrobotlocalizationpythonlibrary.aux)
Package atveryend Info: Executing hook `AtVeryEndDocument' on input line 7083.
Package atveryend Info: Executing hook `AtEndAfterFileList' on input line 7083.



Package rerunfilecheck Warning: File `prpyprobabilisticrobotlocalizationpythonl
ibrary.out' has changed.
(rerunfilecheck)                Rerun to get outlines right
(rerunfilecheck)                or use package `bookmark'.

Package rerunfilecheck Info: Checksums for `prpyprobabilisticrobotlocalizationp
ythonlibrary.out':
(rerunfilecheck)             Before: 3CA473041E6C0BAD9F7D9E63E25F7B8B;16839
(rerunfilecheck)             After:  F2E0A7525174D229BCAEBA33A3F26CA3;16835.

LaTeX Warning: There were multiply-defined labels.

Package atveryend Info: Empty hook `AtVeryVeryEnd' on input line 7083.
 ) 
Here is how much of TeX's memory you used:
 16323 strings out of 493014
 260131 string characters out of 6133351
 347636 words of memory out of 5000000
 18945 multiletter control sequences out of 15000+600000
 62013 words of font info for 61 fonts, out of 8000000 for 9000
 1142 hyphenation exceptions out of 8191
 43i,26n,45p,1076b,701s stack positions out of 5000i,500n,10000p,200000b,80000s
pdfTeX warning (dest): name{section*.247} has been referenced but does not ex
ist, replaced by a fixed one

pdfTeX warning (dest): name{section*.295} has been referenced but does not exis
t, replaced by a fixed one

pdfTeX warning (dest): name{subsubsection*.294} has been referenced but does no
t exist, replaced by a fixed one

pdfTeX warning (dest): name{paragraph*.293} has been referenced but does not ex
ist, replaced by a fixed one

pdfTeX warning (dest): name{subsubsection*.283} has been referenced but does no
t exist, replaced by a fixed one

pdfTeX warning (dest): name{paragraph*.282} has been referenced but does not ex
ist, replaced by a fixed one

pdfTeX warning (dest): name{subsubsection*.281} has been referenced but does no
t exist, replaced by a fixed one

pdfTeX warning (dest): name{subsubsection*.255} has been referenced but does no
t exist, replaced by a fixed one

pdfTeX warning (dest): name{subsubsection*.248} has been referenced but does no
t exist, replaced by a fixed one

pdfTeX warning (dest): name{subsubsection*.245} has been referenced but does no
t exist, replaced by a fixed one

pdfTeX warning (dest): name{subsubsection*.228} has been referenced but does no
t exist, replaced by a fixed one

pdfTeX warning (dest): name{paragraph*.218} has been referenced but does not ex
ist, replaced by a fixed one

pdfTeX warning (dest): name{paragraph*.209} has been referenced but does not ex
ist, replaced by a fixed one

pdfTeX warning (dest): name{subsubsection*.208} has been referenced but does no
t exist, replaced by a fixed one

pdfTeX warning (dest): name{paragraph*.197} has been referenced but does not ex
ist, replaced by a fixed one

pdfTeX warning (dest): name{paragraph*.186} has been referenced but does not ex
ist, replaced by a fixed one

pdfTeX warning (dest): name{subsubsection*.185} has been referenced but does no
t exist, replaced by a fixed one

pdfTeX warning (dest): name{subsubsection*.173} has been referenced but does no
t exist, replaced by a fixed one

pdfTeX warning (dest): name{paragraph*.162} has been referenced but does not ex
ist, replaced by a fixed one

pdfTeX warning (dest): name{subsubsection*.161} has been referenced but does no
t exist, replaced by a fixed one

pdfTeX warning (dest): name{paragraph*.151} has been referenced but does not ex
ist, replaced by a fixed one

pdfTeX warning (dest): name{subsubsection*.150} has been referenced but does no
t exist, replaced by a fixed one

pdfTeX warning (dest): name{subsubsection*.139} has been referenced but does no
t exist, replaced by a fixed one

pdfTeX warning (dest): name{subsubsection*.134} has been referenced but does no
t exist, replaced by a fixed one

pdfTeX warning (dest): name{subsubsection*.129} has been referenced but does no
t exist, replaced by a fixed one

pdfTeX warning (dest): name{subsubsection*.111} has been referenced but does no
t exist, replaced by a fixed one

pdfTeX warning (dest): name{subsubsection*.106} has been referenced but does no
t exist, replaced by a fixed one

pdfTeX warning (dest): name{subsubsection*.89} has been referenced but does not
 exist, replaced by a fixed one

{/usr/local/texlive/2016/texmf-dist/fonts/enc/dvips/tex-gyre/q-ec.enc}{/usr/loc
al/texlive/2016/texmf-dist/fonts/enc/dvips/tex-gyre/q-ts1.enc}</usr/local/texli
ve/2016/texmf-dist/fonts/type1/public/amsfonts/cm/cmbx10.pfb></usr/local/texliv
e/2016/texmf-dist/fonts/type1/public/amsfonts/cm/cmbx5.pfb></usr/local/texlive/
2016/texmf-dist/fonts/type1/public/amsfonts/cm/cmbx7.pfb></usr/local/texlive/20
16/texmf-dist/fonts/type1/public/amsfonts/cm/cmex10.pfb></usr/local/texlive/201
6/texmf-dist/fonts/type1/public/amsfonts/cm/cmmi10.pfb></usr/local/texlive/2016
/texmf-dist/fonts/type1/public/amsfonts/cm/cmmi5.pfb></usr/local/texlive/2016/t
exmf-dist/fonts/type1/public/amsfonts/cm/cmmi7.pfb></usr/local/texlive/2016/tex
mf-dist/fonts/type1/public/amsfonts/cm/cmr10.pfb></usr/local/texlive/2016/texmf
-dist/fonts/type1/public/amsfonts/cm/cmr5.pfb></usr/local/texlive/2016/texmf-di
st/fonts/type1/public/amsfonts/cm/cmr7.pfb></usr/local/texlive/2016/texmf-dist/
fonts/type1/public/amsfonts/cm/cmsy10.pfb></usr/local/texlive/2016/texmf-dist/f
onts/type1/public/amsfonts/cm/cmsy5.pfb></usr/local/texlive/2016/texmf-dist/fon
ts/type1/public/amsfonts/cm/cmsy7.pfb></usr/local/texlive/2016/texmf-dist/fonts
/type1/public/amsfonts/symbols/msam10.pfb></usr/local/texlive/2016/texmf-dist/f
onts/type1/public/amsfonts/symbols/msam7.pfb></usr/local/texlive/2016/texmf-dis
t/fonts/type1/public/tex-gyre/qhvb.pfb></usr/local/texlive/2016/texmf-dist/font
s/type1/public/tex-gyre/qhvbi.pfb></usr/local/texlive/2016/texmf-dist/fonts/typ
e1/public/tex-gyre/qhvr.pfb></usr/local/texlive/2016/texmf-dist/fonts/type1/pub
lic/tex-gyre/qtmb.pfb></usr/local/texlive/2016/texmf-dist/fonts/type1/public/te
x-gyre/qtmr.pfb></usr/local/texlive/2016/texmf-dist/fonts/type1/public/tex-gyre
/qtmri.pfb></usr/local/texlive/2016/texmf-dist/fonts/type1/public/txfonts/t1xbt
t.pfb></usr/local/texlive/2016/texmf-dist/fonts/type1/public/txfonts/t1xtt.pfb>
</usr/local/texlive/2016/texmf-dist/fonts/type1/public/txfonts/t1xtt.pfb>
Output written on prpyprobabilisticrobotlocalizationpythonlibrary.pdf (95 pages
, 3877546 bytes).
PDF statistics:
 1733 PDF objects out of 2073 (max. 8388607)
 1546 compressed objects within 16 object streams
 515 named destinations out of 1000 (max. 500000)
 709 words of extra memory for PDF output out of 10000 (max. 10000000)

