\BOOKMARK [0][-]{chapter.1}{\376\377\000A\000P\000I\000:}{}% 1
\BOOKMARK [1][-]{section.1.1}{\376\377\000P\000o\000s\000e\000\040\000R\000e\000p\000r\000e\000s\000e\000n\000t\000a\000t\000i\000o\000n}{chapter.1}% 2
\BOOKMARK [2][-]{subsection.1.1.1}{\376\377\000P\000o\000s\000e}{section.1.1}% 3
\BOOKMARK [2][-]{subsection.1.1.2}{\376\377\000P\000o\000s\000e\000\040\0003\000D\000O\000F}{section.1.1}% 4
\BOOKMARK [2][-]{subsection.1.1.3}{\376\377\000P\000o\000s\000e\000\040\0004\000D\000O\000F}{section.1.1}% 5
\BOOKMARK [1][-]{section.1.2}{\376\377\000F\000e\000a\000t\000u\000r\000e\000\040\000R\000e\000p\000r\000e\000s\000e\000n\000t\000a\000t\000i\000o\000n}{chapter.1}% 6
\BOOKMARK [2][-]{subsection.1.2.1}{\376\377\000F\000e\000a\000t\000u\000r\000e}{section.1.2}% 7
\BOOKMARK [2][-]{subsection.1.2.2}{\376\377\000C\000a\000r\000t\000e\000s\000i\000a\000n\000\040\000F\000e\000a\000t\000u\000r\000e}{section.1.2}% 8
\BOOKMARK [2][-]{subsection.1.2.3}{\376\377\000P\000o\000l\000a\000r\000\040\000F\000e\000a\000t\000u\000r\000e}{section.1.2}% 9
\BOOKMARK [1][-]{section.1.3}{\376\377\000C\000o\000o\000r\000d\000i\000n\000a\000t\000e\000\040\000C\000o\000n\000v\000e\000r\000s\000i\000o\000n\000\040\000F\000u\000n\000c\000t\000i\000o\000n\000s}{chapter.1}% 10
\BOOKMARK [2][-]{subsection.1.3.1}{\376\377\000P\000o\000l\000a\000r\000\040\000T\000o\000\040\000C\000a\000r\000t\000e\000s\000i\000a\000n}{section.1.3}% 11
\BOOKMARK [2][-]{subsection.1.3.2}{\376\377\000C\000a\000r\000t\000e\000s\000i\000a\000n\000\040\000T\000o\000\040\000P\000o\000l\000a\000r}{section.1.3}% 12
\BOOKMARK [2][-]{subsection.1.3.3}{\376\377\000S\000p\000h\000e\000r\000i\000c\000a\000l\000\040\000T\000o\000\040\000C\000a\000r\000t\000e\000s\000i\000a\000n}{section.1.3}% 13
\BOOKMARK [2][-]{subsection.1.3.4}{\376\377\000C\000a\000r\000t\000e\000s\000i\000a\000n\000\040\000T\000o\000\040\000S\000p\000h\000e\000r\000i\000c\000a\000l}{section.1.3}% 14
\BOOKMARK [2][-]{subsection.1.3.5}{\376\377\000I\000d\000e\000n\000t\000i\000t\000y\000\040\000C\000o\000n\000v\000e\000r\000s\000i\000o\000n}{section.1.3}% 15
\BOOKMARK [1][-]{section.1.4}{\376\377\000R\000o\000b\000o\000t\000\040\000S\000i\000m\000u\000l\000a\000t\000i\000o\000n}{chapter.1}% 16
\BOOKMARK [2][-]{subsection.1.4.1}{\376\377\0003\000\040\000D\000O\000F\000\040\000D\000i\000f\000e\000r\000e\000n\000t\000i\000a\000l\000\040\000D\000r\000i\000v\000e\000\040\000R\000o\000b\000o\000t\000\040\000S\000i\000m\000u\000l\000a\000t\000i\000o\000n}{section.1.4}% 17
\BOOKMARK [2][-]{subsection.1.4.2}{\376\377\0004\000\040\000D\000O\000F\000\040\000A\000U\000V\000\040\000R\000o\000b\000o\000t\000\040\000S\000i\000m\000u\000l\000a\000t\000i\000o\000n}{section.1.4}% 18
\BOOKMARK [1][-]{section.1.5}{\376\377\000F\000i\000l\000t\000e\000r\000s}{chapter.1}% 19
\BOOKMARK [2][-]{subsection.1.5.1}{\376\377\000H\000i\000s\000t\000o\000g\000r\000a\000m\000\040\000F\000i\000l\000t\000e\000r}{section.1.5}% 20
\BOOKMARK [3][-]{subsubsection*.88}{\376\377\000H\000i\000s\000t\000o\000g\000r\000a\000m\000\040\000F\000i\000l\000t\000e\000r}{subsection.1.5.1}% 21
\BOOKMARK [2][-]{subsection.1.5.2}{\376\377\000P\000a\000r\000t\000i\000c\000l\000e\000\040\000F\000i\000l\000t\000e\000r}{section.1.5}% 22
\BOOKMARK [3][-]{subsubsection*.104}{\376\377\000P\000a\000r\000t\000i\000c\000l\000e\000\040\000F\000i\000l\000t\000e\000r}{subsection.1.5.2}% 23
\BOOKMARK [2][-]{subsection.1.5.3}{\376\377\000K\000a\000l\000m\000a\000n\000\040\000F\000i\000l\000t\000e\000r}{section.1.5}% 24
\BOOKMARK [3][-]{subsubsection*.105}{\376\377\000K\000a\000l\000m\000a\000n\000\040\000F\000i\000l\000t\000e\000r}{subsection.1.5.3}% 25
\BOOKMARK [2][-]{subsection.1.5.4}{\376\377\000E\000x\000t\000e\000n\000d\000e\000d\000\040\000K\000a\000l\000m\000a\000n\000\040\000F\000i\000l\000t\000e\000r}{section.1.5}% 26
\BOOKMARK [3][-]{subsubsection*.110}{\376\377\000E\000x\000t\000e\000n\000d\000e\000d\000\040\000K\000a\000l\000m\000a\000n\000\040\000F\000i\000l\000t\000e\000r}{subsection.1.5.4}% 27
\BOOKMARK [1][-]{section.1.6}{\376\377\000L\000o\000c\000a\000l\000i\000z\000a\000t\000i\000o\000n}{chapter.1}% 28
\BOOKMARK [2][-]{subsection.1.6.1}{\376\377\000R\000o\000b\000o\000t\000\040\000L\000o\000c\000a\000l\000i\000z\000a\000t\000i\000o\000n}{section.1.6}% 29
\BOOKMARK [2][-]{subsection.1.6.2}{\376\377\000D\000e\000a\000d\000\040\000R\000e\000c\000k\000o\000n\000i\000n\000g}{section.1.6}% 30
\BOOKMARK [3][-]{subsubsection*.128}{\376\377\0004\000\040\000D\000O\000F\000\040\000A\000U\000V\000\040\000D\000e\000a\000d\000\040\000R\000E\000c\000k\000o\000n\000i\000n\000g\000\040\000u\000s\000i\000n\000g\000\040\000D\000V\000L\000\040\000a\000n\000d\000\040\000G\000y\000r\000o}{subsection.1.6.2}% 31
\BOOKMARK [3][-]{subsubsection*.133}{\376\377\0003\000\040\000D\000O\000F\000\040\000D\000i\000f\000f\000e\000r\000e\000n\000t\000i\000a\000l\000\040\000D\000r\000i\000v\000e\000\040\000M\000o\000b\000i\000l\000e\000\040\000R\000o\000b\000o\000t\000\040\000E\000x\000a\000m\000p\000l\000e}{subsection.1.6.2}% 32
\BOOKMARK [2][-]{subsection.1.6.3}{\376\377\000G\000r\000i\000d\000\040\000L\000o\000c\000a\000l\000i\000z\000a\000t\000i\000o\000n}{section.1.6}% 33
\BOOKMARK [3][-]{subsubsection*.138}{\376\377\000G\000r\000i\000d\000\040\000L\000o\000c\000a\000l\000i\000z\000a\000t\000i\000o\000n}{subsection.1.6.3}% 34
\BOOKMARK [3][-]{subsubsection*.149}{\376\377\0004\000\040\000D\000O\000F\000\040\000A\000U\000V}{subsection.1.6.3}% 35
\BOOKMARK [4][-]{paragraph*.150}{\376\377\000A\000U\000V\000\040\000G\000r\000i\000d\000\040\000L\000o\000c\000a\000l\000i\000z\000a\000t\000i\000o\000n\000\040\000E\000x\000a\000m\000p\000l\000e}{subsubsection*.149}% 36
\BOOKMARK [3][-]{subsubsection*.160}{\376\377\0003\000\040\000D\000O\000F\000\040\000D\000i\000f\000f\000e\000r\000e\000n\000t\000i\000a\000l\000\040\000D\000r\000i\000v\000e\000\040\000M\000o\000b\000i\000l\000e\000\040\000R\000o\000b\000o\000t}{subsection.1.6.3}% 37
\BOOKMARK [4][-]{paragraph*.161}{\376\377\000D\000i\000f\000f\000e\000r\000e\000n\000t\000i\000a\000l\000\040\000D\000r\000i\000v\000e\000\040\000G\000r\000i\000d\000\040\000L\000o\000c\000a\000l\000i\000z\000a\000t\000i\000o\000n\000\040\000E\000x\000a\000m\000p\000l\000e}{subsubsection*.160}% 38
\BOOKMARK [2][-]{subsection.1.6.4}{\376\377\000M\000o\000n\000t\000e\000c\000a\000r\000l\000o\000\040\000L\000o\000c\000a\000l\000i\000z\000a\000t\000i\000o\000n}{section.1.6}% 39
\BOOKMARK [3][-]{subsubsection*.171}{\376\377\000M\000o\000n\000t\000e\000c\000a\000r\000l\000o\000\040\000L\000o\000c\000a\000l\000i\000z\000a\000t\000i\000o\000n}{subsection.1.6.4}% 40
\BOOKMARK [2][-]{subsection.1.6.5}{\376\377\000G\000a\000u\000s\000s\000i\000a\000n\000\040\000F\000i\000l\000t\000e\000r\000\040\000L\000o\000c\000a\000l\000i\000z\000a\000t\000i\000o\000n}{section.1.6}% 41
\BOOKMARK [3][-]{subsubsection*.172}{\376\377\000G\000a\000u\000s\000s\000i\000a\000n\000\040\000F\000i\000l\000t\000e\000r\000\040\000L\000o\000c\000a\000l\000i\000z\000a\000t\000i\000o\000n}{subsection.1.6.5}% 42
\BOOKMARK [3][-]{subsubsection*.184}{\376\377\0004\000\040\000D\000O\000F\000\040\000A\000U\000V}{subsection.1.6.5}% 43
\BOOKMARK [4][-]{paragraph*.185}{\376\377\0004\000\040\000D\000O\000F\000\040\000A\000U\000V\000\040\000E\000K\000F\000\040\000L\000o\000c\000a\000l\000i\000z\000a\000t\000i\000o\000n\000\040\000u\000s\000i\000n\000g\000\040\000a\000n\000\040\000I\000n\000p\000u\000t\000\040\000V\000e\000l\000o\000c\000i\000t\000y\000\040\000M\000o\000t\000i\000o\000n\000\040\000M\000o\000d\000e\000l\000\040\000w\000i\000t\000h\000\040\000D\000e\000p\000h\000t\000,\000\040\000Y\000a\000w\000\040\000a\000n\000d\000\040\000L\000i\000n\000e\000a\000r\000\040\000V\000e\000l\000o\000c\000i\000t\000y\000\040\000M\000e\000a\000s\000u\000r\000e\000m\000e\000n\000t\000s}{subsubsection*.184}% 44
\BOOKMARK [4][-]{paragraph*.196}{\376\377\0004\000\040\000D\000O\000F\000\040\000A\000U\000V\000\040\000E\000K\000F\000\040\000L\000o\000c\000a\000l\000i\000z\000a\000t\000i\000o\000n\000\040\000u\000s\000i\000n\000g\000\040\000a\000\040\000C\000o\000n\000s\000t\000a\000n\000t\000\040\000V\000e\000l\000o\000c\000i\000t\000y\000\040\000M\000o\000t\000i\000o\000n\000\040\000M\000o\000d\000e\000l\000\040\000w\000i\000t\000h\000\040\000D\000e\000p\000h\000t\000,\000\040\000Y\000a\000w\000\040\000a\000n\000d\000\040\000L\000i\000n\000e\000a\000r\000\040\000V\000e\000l\000o\000c\000i\000t\000y\000\040\000M\000e\000a\000s\000u\000r\000e\000m\000e\000n\000t\000s}{subsubsection*.184}% 45
\BOOKMARK [3][-]{subsubsection*.207}{\376\377\0003\000\040\000D\000O\000F\000\040\000D\000i\000f\000f\000e\000r\000e\000n\000t\000i\000a\000l\000\040\000D\000r\000i\000v\000e\000\040\000M\000o\000b\000i\000l\000e\000\040\000R\000o\000b\000o\000t}{subsection.1.6.5}% 46
\BOOKMARK [4][-]{paragraph*.208}{\376\377\000D\000i\000f\000f\000e\000r\000e\000n\000t\000i\000a\000l\000\040\000D\000r\000i\000v\000e\000\040\000G\000r\000i\000d\000\040\000E\000K\000F\000\040\000U\000s\000i\000n\000g\000\040\000a\000n\000\040\000I\000n\000p\000u\000t\000\040\000d\000i\000s\000p\000l\000a\000c\000e\000m\000e\000n\000t\000\040\000M\000o\000t\000i\000o\000n\000\040\000M\000o\000d\000e\000l}{subsubsection*.207}% 47
\BOOKMARK [4][-]{paragraph*.217}{\376\377\000D\000i\000f\000f\000e\000r\000e\000n\000t\000i\000a\000l\000\040\000D\000r\000i\000v\000e\000\040\000G\000r\000i\000d\000\040\000E\000K\000F\000\040\000U\000s\000i\000n\000g\000\040\000a\000\040\000C\000o\000n\000s\000t\000a\000n\000t\000\040\000V\000e\000l\000o\000c\000i\000t\000y\000\040\000M\000o\000t\000i\000o\000n\000\040\000M\000o\000d\000e\000l}{subsubsection*.207}% 48
\BOOKMARK [2][-]{subsection.1.6.6}{\376\377\000F\000e\000a\000t\000u\000r\000e\000\040\000M\000a\000p\000\040\000b\000a\000s\000e\000d\000\040\000E\000K\000F\000\040\000L\000o\000c\000a\000l\000z\000a\000t\000i\000o\000n}{section.1.6}% 49
\BOOKMARK [3][-]{subsubsection*.226}{\376\377\000F\000e\000a\000t\000u\000r\000e\000\040\000M\000a\000p\000\040\000b\000a\000s\000e\000d\000\040\000E\000K\000F\000\040\000L\000o\000c\000a\000l\000I\000z\000a\000t\000i\000o\000n}{subsection.1.6.6}% 50
\BOOKMARK [3][-]{subsubsection*.227}{\376\377\000M\000a\000p\000\040\000F\000e\000a\000t\000u\000r\000e}{subsection.1.6.6}% 51
\BOOKMARK [3][-]{subsubsection*.244}{\376\377\000C\000a\000r\000t\000e\000s\000i\000a\000n\000\040\000M\000a\000p\000\040\000F\000e\000a\000t\000u\000r\000e}{subsection.1.6.6}% 52
\BOOKMARK [3][-]{subsubsection*.247}{\376\377\000C\000a\000r\000t\000e\000s\000i\000a\000n\000\040\000M\000a\000p\000\040\000F\000e\000a\000t\000u\000r\000e\000\040\000O\000b\000s\000e\000r\000v\000e\000d\000\040\000i\000n\000\040\000P\000o\000l\000a\000r\000\040\000C\000o\000o\000r\000d\000i\000n\000a\000t\000e\000s}{subsection.1.6.6}% 53
\BOOKMARK [3][-]{subsubsection*.254}{\376\377\000F\000e\000a\000t\000u\000r\000e\000\040\000M\000a\000p\000\040\000b\000a\000s\000e\000d\000\040\000E\000K\000F\000\040\000L\000o\000c\000a\000l\000i\000z\000a\000t\000i\000o\000n}{subsection.1.6.6}% 54
\BOOKMARK [3][-]{subsubsection*.278}{\376\377\0004\000\040\000D\000O\000F\000\040\000A\000U\000V}{subsection.1.6.6}% 55
\BOOKMARK [4][-]{paragraph*.279}{\376\377\0004\000\040\000D\000O\000F\000\040\000A\000U\000V\000\040\000M\000a\000p\000\040\000b\000a\000s\000e\000d\000\040\000E\000K\000F\000\040\000L\000o\000c\000a\000l\000i\000z\000a\000t\000i\000o\000n\000\040\000u\000s\000i\000n\000g\000\040\000a\000n\000\040\000I\000n\000p\000u\000t\000\040\000V\000e\000l\000o\000c\000i\000t\000y\000\040\000M\000o\000t\000i\000o\000n\000\040\000M\000o\000d\000e\000l\000\040\000w\000i\000t\000h\000\040\000D\000e\000p\000h\000t\000,\000\040\000Y\000a\000w\000\040\000a\000n\000d\000\040\000L\000i\000n\000e\000a\000r\000\040\000V\000e\000l\000o\000c\000i\000t\000y\000\040\000M\000e\000a\000s\000u\000r\000e\000m\000e\000n\000t\000s\000,\000\040\000a\000n\000d\000\040\000a\000\040\0002\000D\000\040\000C\000a\000r\000t\000e\000s\000i\000a\000n\000\040\000F\000e\000a\000t\000u\000r\000e\000\040\000O\000b\000s\000e\000r\000v\000a\000t\000i\000o\000n\000\040\000M\000o\000d\000e\000l}{subsubsection*.278}% 56
\BOOKMARK [3][-]{subsubsection*.280}{\376\377\0003\000\040\000D\000O\000F\000\040\000D\000i\000f\000f\000e\000r\000e\000n\000t\000i\000a\000l\000\040\000D\000r\000i\000v\000e\000\040\000M\000o\000b\000i\000l\000e\000\040\000R\000o\000b\000o\000t}{subsection.1.6.6}% 57
\BOOKMARK [4][-]{paragraph*.281}{\376\377\000D\000i\000f\000f\000e\000r\000e\000n\000t\000i\000a\000l\000\040\000D\000r\000i\000v\000e\000\040\000E\000K\000F\000\040\000M\000a\000p\000\040\000B\000a\000s\000e\000d\000\040\000L\000o\000c\000a\000l\000i\000z\000a\000t\000i\000o\000n\000\040\000E\000K\000F\000\040\000U\000s\000i\000n\000g\000\040\000a\000n\000\040\000I\000n\000p\000u\000t\000\040\000d\000i\000s\000p\000l\000a\000c\000e\000m\000e\000n\000t\000\040\000M\000o\000t\000i\000o\000n\000\040\000M\000o\000d\000e\000l\000\040\000a\000n\000d\000\040\0002\000D\000\040\000C\000a\000r\000t\000e\000s\000i\000a\000n\000\040\000F\000e\000a\000t\000u\000r\000e\000\040\000O\000b\000s\000e\000r\000v\000a\000t\000i\000o\000n\000\040\000M\000o\000d\000e\000l}{subsubsection*.280}% 58
\BOOKMARK [4][-]{paragraph*.284}{\376\377\000D\000i\000f\000f\000e\000r\000e\000n\000t\000i\000a\000l\000\040\000D\000r\000i\000v\000e\000\040\000E\000K\000F\000\040\000M\000a\000p\000\040\000B\000a\000s\000e\000d\000\040\000L\000o\000c\000a\000l\000i\000z\000a\000t\000i\000o\000n\000\040\000E\000K\000F\000\040\000U\000s\000i\000n\000g\000\040\000a\000n\000\040\000I\000n\000p\000u\000t\000\040\000d\000i\000s\000p\000l\000a\000c\000e\000m\000e\000n\000t\000\040\000M\000o\000t\000i\000o\000n\000\040\000M\000o\000d\000e\000l\000\040\000a\000n\000d\000\040\0002\000D\000\040\000F\000e\000a\000t\000u\000r\000e\000\040\000S\000t\000o\000r\000e\000\040\000i\000n\000\040\000C\000a\000r\000t\000e\000s\000i\000n\000a\000\040\000a\000n\000d\000\040\000O\000b\000s\000e\000r\000v\000e\000d\000\040\000i\000n\000\040\000P\000o\000l\000a\000r\000\040\000C\000o\000o\000r\000d\000i\000n\000a\000t\000e\000s}{subsubsection*.280}% 59
\BOOKMARK [4][-]{paragraph*.287}{\376\377\000D\000i\000f\000f\000e\000r\000e\000n\000t\000i\000a\000l\000\040\000D\000r\000i\000v\000e\000\040\000E\000K\000F\000\040\000M\000a\000p\000\040\000B\000a\000s\000e\000d\000\040\000L\000o\000c\000a\000l\000i\000z\000a\000t\000i\000o\000n\000\040\000E\000K\000F\000\040\000U\000s\000i\000n\000g\000\040\000a\000n\000\040\000I\000n\000p\000u\000t\000\040\000d\000i\000s\000p\000l\000a\000c\000e\000m\000e\000n\000t\000\040\000M\000o\000t\000i\000o\000n\000\040\000M\000o\000d\000e\000l\000\040\000a\000n\000d\000\040\0002\000D\000\040\000P\000o\000l\000a\000r\000\040\000F\000e\000a\000t\000u\000r\000e\000\040\000O\000b\000s\000e\000r\000v\000a\000t\000i\000o\000n\000\040\000M\000o\000d\000e\000l}{subsubsection*.280}% 60
\BOOKMARK [4][-]{paragraph*.290}{\376\377\000D\000i\000f\000f\000e\000r\000e\000n\000t\000i\000a\000l\000\040\000D\000r\000i\000v\000e\000\040\000E\000K\000F\000\040\000M\000a\000p\000\040\000B\000a\000s\000e\000d\000\040\000L\000o\000c\000a\000l\000i\000z\000a\000t\000i\000o\000n\000\040\000E\000K\000F\000\040\000U\000s\000i\000n\000g\000\040\000a\000\040\000C\000t\000\040\000V\000e\000l\000o\000c\000i\000t\000y\000\040\000M\000o\000t\000i\000o\000n\000\040\000M\000o\000d\000e\000l\000\040\000a\000n\000d\000\040\0002\000D\000\040\000C\000a\000r\000t\000e\000s\000i\000a\000n\000\040\000F\000e\000a\000t\000u\000r\000e\000\040\000O\000b\000s\000e\000r\000v\000a\000t\000i\000o\000n\000\040\000M\000o\000d\000e\000l}{subsubsection*.280}% 61
\BOOKMARK [1][-]{section.1.7}{\376\377\000S\000i\000m\000u\000l\000a\000t\000e\000n\000o\000u\000s\000\040\000L\000o\000c\000a\000l\000i\000z\000a\000t\000i\000o\000n\000\040\000A\000n\000d\000\040\000M\000a\000p\000p\000i\000n\000g}{chapter.1}% 62
\BOOKMARK [2][-]{subsection.1.7.1}{\376\377\000F\000e\000a\000t\000u\000r\000e\000\040\000b\000a\000s\000e\000d\000\040\000E\000K\000F\000\040\000S\000i\000m\000u\000l\000t\000a\000n\000e\000o\000u\000s\000\040\000L\000o\000c\000a\000l\000i\000z\000a\000t\000i\000o\000n\000\040\000A\000n\000d\000\040\000M\000a\000p\000p\000i\000n\000g}{section.1.7}% 63
\BOOKMARK [3][-]{subsubsection*.291}{\376\377\000F\000e\000a\000t\000u\000r\000e\000\040\000b\000a\000s\000e\000d\000\040\000E\000K\000F\000\040\000S\000i\000m\000u\000l\000t\000a\000n\000e\000o\000u\000s\000\040\000L\000o\000c\000a\000l\000i\000z\000a\000t\000i\000o\000n\000\040\000A\000n\000d\000\040\000M\000a\000p\000p\000i\000n\000g}{subsection.1.7.1}% 64
\BOOKMARK [0][-]{chapter.2}{\376\377\000I\000n\000d\000i\000c\000e\000s\000\040\000a\000n\000d\000\040\000t\000a\000b\000l\000e\000s}{}% 65
\BOOKMARK [0][-]{section*.292}{\376\377\000I\000n\000d\000e\000x}{}% 66
